{"D:\\LUCIA_SCHOOL_BUSINESS PROJECTS\\LUCIA_SCHOOL_FILES\\Payment Voucher Management System\\index.js": {"path":"D:\\LUCIA_SCHOOL_BUSINESS PROJECTS\\LUCIA_SCHOOL_FILES\\Payment Voucher Management System\\index.js","statementMap":{"0":{"start":{"line":21,"column":11},"end":{"line":21,"column":20}},"1":{"start":{"line":24,"column":19},"end":{"line":24,"column":49}},"2":{"start":{"line":25,"column":18},"end":{"line":25,"column":42}},"3":{"start":{"line":28,"column":24},"end":{"line":28,"column":109}},"4":{"start":{"line":31,"column":0},"end":{"line":31,"column":56}},"5":{"start":{"line":34,"column":0},"end":{"line":34,"column":24}},"6":{"start":{"line":35,"column":0},"end":{"line":35,"column":48}},"7":{"start":{"line":36,"column":0},"end":{"line":36,"column":15}},"8":{"start":{"line":41,"column":0},"end":{"line":41,"column":34}},"9":{"start":{"line":42,"column":0},"end":{"line":42,"column":40}},"10":{"start":{"line":43,"column":0},"end":{"line":43,"column":40}},"11":{"start":{"line":44,"column":0},"end":{"line":44,"column":38}},"12":{"start":{"line":45,"column":0},"end":{"line":45,"column":49}},"13":{"start":{"line":46,"column":0},"end":{"line":46,"column":42}},"14":{"start":{"line":52,"column":0},"end":{"line":55,"column":2}},"15":{"start":{"line":53,"column":4},"end":{"line":53,"column":55}}},"fnMap":{"0":{"name":"(anonymous_0)","decl":{"start":{"line":52,"column":13},"end":{"line":52,"column":14}},"loc":{"start":{"line":52,"column":24},"end":{"line":55,"column":1}},"line":52}},"branchMap":{},"s":{"0":1,"1":1,"2":1,"3":1,"4":1,"5":1,"6":1,"7":1,"8":1,"9":1,"10":1,"11":1,"12":1,"13":1,"14":1,"15":0},"f":{"0":0},"b":{},"_coverageSchema":"1a1c01bbd47fc00a2c39e90264f33305004495a9","hash":"5741a72c71a3f65b56f75d1fa87915cddee282bc"}
,"D:\\LUCIA_SCHOOL_BUSINESS PROJECTS\\LUCIA_SCHOOL_FILES\\Payment Voucher Management System\\config\\cloudinary.js": {"path":"D:\\LUCIA_SCHOOL_BUSINESS PROJECTS\\LUCIA_SCHOOL_FILES\\Payment Voucher Management System\\config\\cloudinary.js","statementMap":{"0":{"start":{"line":5,"column":0},"end":{"line":9,"column":2}}},"fnMap":{},"branchMap":{},"s":{"0":1},"f":{},"b":{},"_coverageSchema":"1a1c01bbd47fc00a2c39e90264f33305004495a9","hash":"3058afb06d3f3d5b4c880a6c4b3ce7eb8740358f"}
,"D:\\LUCIA_SCHOOL_BUSINESS PROJECTS\\LUCIA_SCHOOL_FILES\\Payment Voucher Management System\\controllers\\accountController.js": {"path":"D:\\LUCIA_SCHOOL_BUSINESS PROJECTS\\LUCIA_SCHOOL_FILES\\Payment Voucher Management System\\controllers\\accountController.js","statementMap":{"0":{"start":{"line":2,"column":25},"end":{"line":2,"column":28}},"1":{"start":{"line":3,"column":15},"end":{"line":3,"column":33}},"2":{"start":{"line":5,"column":21},"end":{"line":5,"column":32}},"3":{"start":{"line":7,"column":31},"end":{"line":39,"column":1}},"4":{"start":{"line":8,"column":2},"end":{"line":38,"column":3}},"5":{"start":{"line":9,"column":25},"end":{"line":16,"column":6}},"6":{"start":{"line":18,"column":4},"end":{"line":24,"column":5}},"7":{"start":{"line":19,"column":6},"end":{"line":23,"column":9}},"8":{"start":{"line":26,"column":4},"end":{"line":30,"column":7}},"9":{"start":{"line":33,"column":4},"end":{"line":33,"column":58}},"10":{"start":{"line":35,"column":4},"end":{"line":37,"column":7}},"11":{"start":{"line":42,"column":33},"end":{"line":72,"column":1}},"12":{"start":{"line":43,"column":2},"end":{"line":71,"column":3}},"13":{"start":{"line":44,"column":27},"end":{"line":44,"column":35}},"14":{"start":{"line":47,"column":4},"end":{"line":51,"column":5}},"15":{"start":{"line":48,"column":6},"end":{"line":50,"column":9}},"16":{"start":{"line":54,"column":23},"end":{"line":59,"column":6}},"17":{"start":{"line":61,"column":4},"end":{"line":64,"column":7}},"18":{"start":{"line":66,"column":4},"end":{"line":70,"column":5}},"19":{"start":{"line":67,"column":6},"end":{"line":69,"column":61}},"20":{"start":{"line":74,"column":37},"end":{"line":107,"column":1}},"21":{"start":{"line":75,"column":2},"end":{"line":106,"column":3}},"22":{"start":{"line":76,"column":19},"end":{"line":76,"column":29}},"23":{"start":{"line":77,"column":27},"end":{"line":77,"column":35}},"24":{"start":{"line":79,"column":23},"end":{"line":79,"column":25}},"25":{"start":{"line":80,"column":4},"end":{"line":80,"column":44}},"26":{"start":{"line":80,"column":14},"end":{"line":80,"column":44}},"27":{"start":{"line":81,"column":4},"end":{"line":81,"column":51}},"28":{"start":{"line":81,"column":14},"end":{"line":81,"column":51}},"29":{"start":{"line":84,"column":24},"end":{"line":87,"column":6}},"30":{"start":{"line":89,"column":4},"end":{"line":92,"column":7}},"31":{"start":{"line":94,"column":4},"end":{"line":94,"column":57}},"32":{"start":{"line":97,"column":4},"end":{"line":101,"column":5}},"33":{"start":{"line":98,"column":6},"end":{"line":100,"column":9}},"34":{"start":{"line":103,"column":4},"end":{"line":105,"column":7}},"35":{"start":{"line":109,"column":37},"end":{"line":136,"column":1}},"36":{"start":{"line":110,"column":2},"end":{"line":135,"column":3}},"37":{"start":{"line":111,"column":19},"end":{"line":111,"column":29}},"38":{"start":{"line":114,"column":27},"end":{"line":116,"column":6}},"39":{"start":{"line":118,"column":4},"end":{"line":121,"column":7}},"40":{"start":{"line":123,"column":4},"end":{"line":123,"column":57}},"41":{"start":{"line":126,"column":4},"end":{"line":130,"column":5}},"42":{"start":{"line":127,"column":6},"end":{"line":129,"column":9}},"43":{"start":{"line":132,"column":4},"end":{"line":134,"column":7}}},"fnMap":{"0":{"name":"(anonymous_0)","decl":{"start":{"line":7,"column":31},"end":{"line":7,"column":32}},"loc":{"start":{"line":7,"column":51},"end":{"line":39,"column":1}},"line":7},"1":{"name":"(anonymous_1)","decl":{"start":{"line":42,"column":33},"end":{"line":42,"column":34}},"loc":{"start":{"line":42,"column":53},"end":{"line":72,"column":1}},"line":42},"2":{"name":"(anonymous_2)","decl":{"start":{"line":74,"column":37},"end":{"line":74,"column":38}},"loc":{"start":{"line":74,"column":57},"end":{"line":107,"column":1}},"line":74},"3":{"name":"(anonymous_3)","decl":{"start":{"line":109,"column":37},"end":{"line":109,"column":38}},"loc":{"start":{"line":109,"column":57},"end":{"line":136,"column":1}},"line":109}},"branchMap":{"0":{"loc":{"start":{"line":18,"column":4},"end":{"line":24,"column":5}},"type":"if","locations":[{"start":{"line":18,"column":4},"end":{"line":24,"column":5}},{"start":{},"end":{}}],"line":18},"1":{"loc":{"start":{"line":47,"column":4},"end":{"line":51,"column":5}},"type":"if","locations":[{"start":{"line":47,"column":4},"end":{"line":51,"column":5}},{"start":{},"end":{}}],"line":47},"2":{"loc":{"start":{"line":66,"column":4},"end":{"line":70,"column":5}},"type":"if","locations":[{"start":{"line":66,"column":4},"end":{"line":70,"column":5}},{"start":{},"end":{}}],"line":66},"3":{"loc":{"start":{"line":80,"column":4},"end":{"line":80,"column":44}},"type":"if","locations":[{"start":{"line":80,"column":4},"end":{"line":80,"column":44}},{"start":{},"end":{}}],"line":80},"4":{"loc":{"start":{"line":81,"column":4},"end":{"line":81,"column":51}},"type":"if","locations":[{"start":{"line":81,"column":4},"end":{"line":81,"column":51}},{"start":{},"end":{}}],"line":81},"5":{"loc":{"start":{"line":97,"column":4},"end":{"line":101,"column":5}},"type":"if","locations":[{"start":{"line":97,"column":4},"end":{"line":101,"column":5}},{"start":{},"end":{}}],"line":97},"6":{"loc":{"start":{"line":126,"column":4},"end":{"line":130,"column":5}},"type":"if","locations":[{"start":{"line":126,"column":4},"end":{"line":130,"column":5}},{"start":{},"end":{}}],"line":126}},"s":{"0":1,"1":1,"2":1,"3":1,"4":0,"5":0,"6":0,"7":0,"8":0,"9":0,"10":0,"11":1,"12":0,"13":0,"14":0,"15":0,"16":0,"17":0,"18":0,"19":0,"20":1,"21":0,"22":0,"23":0,"24":0,"25":0,"26":0,"27":0,"28":0,"29":0,"30":0,"31":0,"32":0,"33":0,"34":0,"35":1,"36":0,"37":0,"38":0,"39":0,"40":0,"41":0,"42":0,"43":0},"f":{"0":0,"1":0,"2":0,"3":0},"b":{"0":[0,0],"1":[0,0],"2":[0,0],"3":[0,0],"4":[0,0],"5":[0,0],"6":[0,0]},"_coverageSchema":"1a1c01bbd47fc00a2c39e90264f33305004495a9","hash":"7ac00f10a733aa0b1cf28d8ded72ce5fc0fafd19"}
,"D:\\LUCIA_SCHOOL_BUSINESS PROJECTS\\LUCIA_SCHOOL_FILES\\Payment Voucher Management System\\controllers\\beneficiaryController.js": {"path":"D:\\LUCIA_SCHOOL_BUSINESS PROJECTS\\LUCIA_SCHOOL_FILES\\Payment Voucher Management System\\controllers\\beneficiaryController.js","statementMap":{"0":{"start":{"line":2,"column":25},"end":{"line":2,"column":28}},"1":{"start":{"line":3,"column":15},"end":{"line":3,"column":33}},"2":{"start":{"line":5,"column":21},"end":{"line":5,"column":32}},"3":{"start":{"line":7,"column":35},"end":{"line":39,"column":1}},"4":{"start":{"line":8,"column":2},"end":{"line":38,"column":3}},"5":{"start":{"line":9,"column":29},"end":{"line":16,"column":6}},"6":{"start":{"line":18,"column":4},"end":{"line":24,"column":5}},"7":{"start":{"line":19,"column":6},"end":{"line":23,"column":9}},"8":{"start":{"line":26,"column":4},"end":{"line":30,"column":7}},"9":{"start":{"line":33,"column":4},"end":{"line":33,"column":62}},"10":{"start":{"line":35,"column":4},"end":{"line":37,"column":7}},"11":{"start":{"line":42,"column":37},"end":{"line":72,"column":1}},"12":{"start":{"line":43,"column":2},"end":{"line":71,"column":3}},"13":{"start":{"line":44,"column":27},"end":{"line":44,"column":35}},"14":{"start":{"line":47,"column":4},"end":{"line":51,"column":5}},"15":{"start":{"line":48,"column":6},"end":{"line":50,"column":9}},"16":{"start":{"line":54,"column":27},"end":{"line":59,"column":6}},"17":{"start":{"line":61,"column":4},"end":{"line":64,"column":7}},"18":{"start":{"line":66,"column":4},"end":{"line":70,"column":5}},"19":{"start":{"line":67,"column":6},"end":{"line":69,"column":65}},"20":{"start":{"line":74,"column":41},"end":{"line":107,"column":1}},"21":{"start":{"line":75,"column":2},"end":{"line":106,"column":3}},"22":{"start":{"line":76,"column":19},"end":{"line":76,"column":29}},"23":{"start":{"line":77,"column":27},"end":{"line":77,"column":35}},"24":{"start":{"line":79,"column":23},"end":{"line":79,"column":25}},"25":{"start":{"line":80,"column":4},"end":{"line":80,"column":44}},"26":{"start":{"line":80,"column":14},"end":{"line":80,"column":44}},"27":{"start":{"line":81,"column":4},"end":{"line":81,"column":51}},"28":{"start":{"line":81,"column":14},"end":{"line":81,"column":51}},"29":{"start":{"line":84,"column":24},"end":{"line":87,"column":6}},"30":{"start":{"line":89,"column":4},"end":{"line":92,"column":7}},"31":{"start":{"line":94,"column":4},"end":{"line":94,"column":61}},"32":{"start":{"line":97,"column":4},"end":{"line":101,"column":5}},"33":{"start":{"line":98,"column":6},"end":{"line":100,"column":9}},"34":{"start":{"line":103,"column":4},"end":{"line":105,"column":7}},"35":{"start":{"line":109,"column":41},"end":{"line":136,"column":1}},"36":{"start":{"line":110,"column":2},"end":{"line":135,"column":3}},"37":{"start":{"line":111,"column":19},"end":{"line":111,"column":29}},"38":{"start":{"line":114,"column":27},"end":{"line":116,"column":6}},"39":{"start":{"line":118,"column":4},"end":{"line":121,"column":7}},"40":{"start":{"line":123,"column":4},"end":{"line":123,"column":61}},"41":{"start":{"line":126,"column":4},"end":{"line":130,"column":5}},"42":{"start":{"line":127,"column":6},"end":{"line":129,"column":9}},"43":{"start":{"line":132,"column":4},"end":{"line":134,"column":7}}},"fnMap":{"0":{"name":"(anonymous_0)","decl":{"start":{"line":7,"column":35},"end":{"line":7,"column":36}},"loc":{"start":{"line":7,"column":55},"end":{"line":39,"column":1}},"line":7},"1":{"name":"(anonymous_1)","decl":{"start":{"line":42,"column":37},"end":{"line":42,"column":38}},"loc":{"start":{"line":42,"column":57},"end":{"line":72,"column":1}},"line":42},"2":{"name":"(anonymous_2)","decl":{"start":{"line":74,"column":41},"end":{"line":74,"column":42}},"loc":{"start":{"line":74,"column":61},"end":{"line":107,"column":1}},"line":74},"3":{"name":"(anonymous_3)","decl":{"start":{"line":109,"column":41},"end":{"line":109,"column":42}},"loc":{"start":{"line":109,"column":61},"end":{"line":136,"column":1}},"line":109}},"branchMap":{"0":{"loc":{"start":{"line":18,"column":4},"end":{"line":24,"column":5}},"type":"if","locations":[{"start":{"line":18,"column":4},"end":{"line":24,"column":5}},{"start":{},"end":{}}],"line":18},"1":{"loc":{"start":{"line":47,"column":4},"end":{"line":51,"column":5}},"type":"if","locations":[{"start":{"line":47,"column":4},"end":{"line":51,"column":5}},{"start":{},"end":{}}],"line":47},"2":{"loc":{"start":{"line":66,"column":4},"end":{"line":70,"column":5}},"type":"if","locations":[{"start":{"line":66,"column":4},"end":{"line":70,"column":5}},{"start":{},"end":{}}],"line":66},"3":{"loc":{"start":{"line":80,"column":4},"end":{"line":80,"column":44}},"type":"if","locations":[{"start":{"line":80,"column":4},"end":{"line":80,"column":44}},{"start":{},"end":{}}],"line":80},"4":{"loc":{"start":{"line":81,"column":4},"end":{"line":81,"column":51}},"type":"if","locations":[{"start":{"line":81,"column":4},"end":{"line":81,"column":51}},{"start":{},"end":{}}],"line":81},"5":{"loc":{"start":{"line":97,"column":4},"end":{"line":101,"column":5}},"type":"if","locations":[{"start":{"line":97,"column":4},"end":{"line":101,"column":5}},{"start":{},"end":{}}],"line":97},"6":{"loc":{"start":{"line":126,"column":4},"end":{"line":130,"column":5}},"type":"if","locations":[{"start":{"line":126,"column":4},"end":{"line":130,"column":5}},{"start":{},"end":{}}],"line":126}},"s":{"0":1,"1":1,"2":1,"3":1,"4":0,"5":0,"6":0,"7":0,"8":0,"9":0,"10":0,"11":1,"12":0,"13":0,"14":0,"15":0,"16":0,"17":0,"18":0,"19":0,"20":1,"21":0,"22":0,"23":0,"24":0,"25":0,"26":0,"27":0,"28":0,"29":0,"30":0,"31":0,"32":0,"33":0,"34":0,"35":1,"36":0,"37":0,"38":0,"39":0,"40":0,"41":0,"42":0,"43":0},"f":{"0":0,"1":0,"2":0,"3":0},"b":{"0":[0,0],"1":[0,0],"2":[0,0],"3":[0,0],"4":[0,0],"5":[0,0],"6":[0,0]},"_coverageSchema":"1a1c01bbd47fc00a2c39e90264f33305004495a9","hash":"2014fac76332e5c56d168fcb24ef5344a7646135"}
,"D:\\LUCIA_SCHOOL_BUSINESS PROJECTS\\LUCIA_SCHOOL_FILES\\Payment Voucher Management System\\controllers\\budgetController.js": {"path":"D:\\LUCIA_SCHOOL_BUSINESS PROJECTS\\LUCIA_SCHOOL_FILES\\Payment Voucher Management System\\controllers\\budgetController.js","statementMap":{"0":{"start":{"line":2,"column":25},"end":{"line":2,"column":28}},"1":{"start":{"line":3,"column":15},"end":{"line":3,"column":33}},"2":{"start":{"line":5,"column":21},"end":{"line":5,"column":32}},"3":{"start":{"line":7,"column":30},"end":{"line":39,"column":1}},"4":{"start":{"line":8,"column":2},"end":{"line":38,"column":3}},"5":{"start":{"line":9,"column":24},"end":{"line":16,"column":6}},"6":{"start":{"line":18,"column":4},"end":{"line":24,"column":5}},"7":{"start":{"line":19,"column":6},"end":{"line":23,"column":9}},"8":{"start":{"line":26,"column":4},"end":{"line":30,"column":7}},"9":{"start":{"line":33,"column":4},"end":{"line":33,"column":57}},"10":{"start":{"line":35,"column":4},"end":{"line":37,"column":7}},"11":{"start":{"line":42,"column":32},"end":{"line":72,"column":1}},"12":{"start":{"line":43,"column":2},"end":{"line":71,"column":3}},"13":{"start":{"line":44,"column":27},"end":{"line":44,"column":35}},"14":{"start":{"line":47,"column":4},"end":{"line":51,"column":5}},"15":{"start":{"line":48,"column":6},"end":{"line":50,"column":9}},"16":{"start":{"line":54,"column":22},"end":{"line":59,"column":6}},"17":{"start":{"line":61,"column":4},"end":{"line":64,"column":7}},"18":{"start":{"line":66,"column":4},"end":{"line":70,"column":5}},"19":{"start":{"line":67,"column":6},"end":{"line":69,"column":60}},"20":{"start":{"line":74,"column":36},"end":{"line":107,"column":1}},"21":{"start":{"line":75,"column":2},"end":{"line":106,"column":3}},"22":{"start":{"line":76,"column":19},"end":{"line":76,"column":29}},"23":{"start":{"line":77,"column":27},"end":{"line":77,"column":35}},"24":{"start":{"line":79,"column":23},"end":{"line":79,"column":25}},"25":{"start":{"line":80,"column":4},"end":{"line":80,"column":44}},"26":{"start":{"line":80,"column":14},"end":{"line":80,"column":44}},"27":{"start":{"line":81,"column":4},"end":{"line":81,"column":51}},"28":{"start":{"line":81,"column":14},"end":{"line":81,"column":51}},"29":{"start":{"line":84,"column":24},"end":{"line":87,"column":6}},"30":{"start":{"line":89,"column":4},"end":{"line":92,"column":7}},"31":{"start":{"line":94,"column":4},"end":{"line":94,"column":56}},"32":{"start":{"line":97,"column":4},"end":{"line":101,"column":5}},"33":{"start":{"line":98,"column":6},"end":{"line":100,"column":9}},"34":{"start":{"line":103,"column":4},"end":{"line":105,"column":7}},"35":{"start":{"line":109,"column":36},"end":{"line":136,"column":1}},"36":{"start":{"line":110,"column":2},"end":{"line":135,"column":3}},"37":{"start":{"line":111,"column":19},"end":{"line":111,"column":29}},"38":{"start":{"line":114,"column":30},"end":{"line":116,"column":6}},"39":{"start":{"line":118,"column":4},"end":{"line":121,"column":7}},"40":{"start":{"line":123,"column":4},"end":{"line":123,"column":56}},"41":{"start":{"line":126,"column":4},"end":{"line":130,"column":5}},"42":{"start":{"line":127,"column":6},"end":{"line":129,"column":9}},"43":{"start":{"line":132,"column":4},"end":{"line":134,"column":7}}},"fnMap":{"0":{"name":"(anonymous_0)","decl":{"start":{"line":7,"column":30},"end":{"line":7,"column":31}},"loc":{"start":{"line":7,"column":50},"end":{"line":39,"column":1}},"line":7},"1":{"name":"(anonymous_1)","decl":{"start":{"line":42,"column":32},"end":{"line":42,"column":33}},"loc":{"start":{"line":42,"column":52},"end":{"line":72,"column":1}},"line":42},"2":{"name":"(anonymous_2)","decl":{"start":{"line":74,"column":36},"end":{"line":74,"column":37}},"loc":{"start":{"line":74,"column":56},"end":{"line":107,"column":1}},"line":74},"3":{"name":"(anonymous_3)","decl":{"start":{"line":109,"column":36},"end":{"line":109,"column":37}},"loc":{"start":{"line":109,"column":56},"end":{"line":136,"column":1}},"line":109}},"branchMap":{"0":{"loc":{"start":{"line":18,"column":4},"end":{"line":24,"column":5}},"type":"if","locations":[{"start":{"line":18,"column":4},"end":{"line":24,"column":5}},{"start":{},"end":{}}],"line":18},"1":{"loc":{"start":{"line":47,"column":4},"end":{"line":51,"column":5}},"type":"if","locations":[{"start":{"line":47,"column":4},"end":{"line":51,"column":5}},{"start":{},"end":{}}],"line":47},"2":{"loc":{"start":{"line":66,"column":4},"end":{"line":70,"column":5}},"type":"if","locations":[{"start":{"line":66,"column":4},"end":{"line":70,"column":5}},{"start":{},"end":{}}],"line":66},"3":{"loc":{"start":{"line":80,"column":4},"end":{"line":80,"column":44}},"type":"if","locations":[{"start":{"line":80,"column":4},"end":{"line":80,"column":44}},{"start":{},"end":{}}],"line":80},"4":{"loc":{"start":{"line":81,"column":4},"end":{"line":81,"column":51}},"type":"if","locations":[{"start":{"line":81,"column":4},"end":{"line":81,"column":51}},{"start":{},"end":{}}],"line":81},"5":{"loc":{"start":{"line":97,"column":4},"end":{"line":101,"column":5}},"type":"if","locations":[{"start":{"line":97,"column":4},"end":{"line":101,"column":5}},{"start":{},"end":{}}],"line":97},"6":{"loc":{"start":{"line":126,"column":4},"end":{"line":130,"column":5}},"type":"if","locations":[{"start":{"line":126,"column":4},"end":{"line":130,"column":5}},{"start":{},"end":{}}],"line":126}},"s":{"0":1,"1":1,"2":1,"3":1,"4":0,"5":0,"6":0,"7":0,"8":0,"9":0,"10":0,"11":1,"12":0,"13":0,"14":0,"15":0,"16":0,"17":0,"18":0,"19":0,"20":1,"21":0,"22":0,"23":0,"24":0,"25":0,"26":0,"27":0,"28":0,"29":0,"30":0,"31":0,"32":0,"33":0,"34":0,"35":1,"36":0,"37":0,"38":0,"39":0,"40":0,"41":0,"42":0,"43":0},"f":{"0":0,"1":0,"2":0,"3":0},"b":{"0":[0,0],"1":[0,0],"2":[0,0],"3":[0,0],"4":[0,0],"5":[0,0],"6":[0,0]},"_coverageSchema":"1a1c01bbd47fc00a2c39e90264f33305004495a9","hash":"07583d867b39536be5106eb92cb243ff801b550a"}
,"D:\\LUCIA_SCHOOL_BUSINESS PROJECTS\\LUCIA_SCHOOL_FILES\\Payment Voucher Management System\\controllers\\documentController.js": {"path":"D:\\LUCIA_SCHOOL_BUSINESS PROJECTS\\LUCIA_SCHOOL_FILES\\Payment Voucher Management System\\controllers\\documentController.js","statementMap":{"0":{"start":{"line":2,"column":25},"end":{"line":2,"column":28}},"1":{"start":{"line":3,"column":15},"end":{"line":3,"column":33}},"2":{"start":{"line":7,"column":27},"end":{"line":56,"column":1}},"3":{"start":{"line":8,"column":2},"end":{"line":55,"column":3}},"4":{"start":{"line":9,"column":17},"end":{"line":9,"column":59}},"5":{"start":{"line":10,"column":18},"end":{"line":10,"column":20}},"6":{"start":{"line":11,"column":17},"end":{"line":11,"column":35}},"7":{"start":{"line":13,"column":31},"end":{"line":32,"column":6}},"8":{"start":{"line":34,"column":23},"end":{"line":34,"column":47}},"9":{"start":{"line":36,"column":4},"end":{"line":48,"column":7}},"10":{"start":{"line":50,"column":4},"end":{"line":50,"column":54}},"11":{"start":{"line":52,"column":4},"end":{"line":54,"column":7}},"12":{"start":{"line":62,"column":34},"end":{"line":154,"column":1}},"13":{"start":{"line":63,"column":2},"end":{"line":153,"column":3}},"14":{"start":{"line":64,"column":31},"end":{"line":64,"column":41}},"15":{"start":{"line":65,"column":25},"end":{"line":65,"column":58}},"16":{"start":{"line":68,"column":4},"end":{"line":72,"column":5}},"17":{"start":{"line":69,"column":6},"end":{"line":71,"column":9}},"18":{"start":{"line":75,"column":21},"end":{"line":77,"column":6}},"19":{"start":{"line":79,"column":4},"end":{"line":83,"column":5}},"20":{"start":{"line":80,"column":6},"end":{"line":82,"column":9}},"21":{"start":{"line":86,"column":4},"end":{"line":90,"column":5}},"22":{"start":{"line":87,"column":6},"end":{"line":89,"column":9}},"23":{"start":{"line":93,"column":4},"end":{"line":97,"column":5}},"24":{"start":{"line":94,"column":6},"end":{"line":96,"column":9}},"25":{"start":{"line":100,"column":4},"end":{"line":121,"column":5}},"26":{"start":{"line":102,"column":6},"end":{"line":111,"column":7}},"27":{"start":{"line":103,"column":8},"end":{"line":110,"column":9}},"28":{"start":{"line":104,"column":10},"end":{"line":106,"column":13}},"29":{"start":{"line":108,"column":10},"end":{"line":108,"column":72}},"30":{"start":{"line":114,"column":6},"end":{"line":116,"column":9}},"31":{"start":{"line":118,"column":6},"end":{"line":120,"column":9}},"32":{"start":{"line":124,"column":28},"end":{"line":134,"column":6}},"33":{"start":{"line":136,"column":4},"end":{"line":139,"column":7}},"34":{"start":{"line":141,"column":4},"end":{"line":141,"column":51}},"35":{"start":{"line":144,"column":4},"end":{"line":148,"column":5}},"36":{"start":{"line":145,"column":6},"end":{"line":147,"column":9}},"37":{"start":{"line":150,"column":4},"end":{"line":152,"column":7}}},"fnMap":{"0":{"name":"(anonymous_0)","decl":{"start":{"line":7,"column":27},"end":{"line":7,"column":28}},"loc":{"start":{"line":7,"column":47},"end":{"line":56,"column":1}},"line":7},"1":{"name":"(anonymous_1)","decl":{"start":{"line":62,"column":34},"end":{"line":62,"column":35}},"loc":{"start":{"line":62,"column":54},"end":{"line":154,"column":1}},"line":62}},"branchMap":{"0":{"loc":{"start":{"line":9,"column":29},"end":{"line":9,"column":58}},"type":"binary-expr","locations":[{"start":{"line":9,"column":29},"end":{"line":9,"column":53}},{"start":{"line":9,"column":57},"end":{"line":9,"column":58}}],"line":9},"1":{"loc":{"start":{"line":68,"column":4},"end":{"line":72,"column":5}},"type":"if","locations":[{"start":{"line":68,"column":4},"end":{"line":72,"column":5}},{"start":{},"end":{}}],"line":68},"2":{"loc":{"start":{"line":68,"column":8},"end":{"line":68,"column":49}},"type":"binary-expr","locations":[{"start":{"line":68,"column":8},"end":{"line":68,"column":20}},{"start":{"line":68,"column":24},"end":{"line":68,"column":49}}],"line":68},"3":{"loc":{"start":{"line":79,"column":4},"end":{"line":83,"column":5}},"type":"if","locations":[{"start":{"line":79,"column":4},"end":{"line":83,"column":5}},{"start":{},"end":{}}],"line":79},"4":{"loc":{"start":{"line":86,"column":4},"end":{"line":90,"column":5}},"type":"if","locations":[{"start":{"line":86,"column":4},"end":{"line":90,"column":5}},{"start":{},"end":{}}],"line":86},"5":{"loc":{"start":{"line":86,"column":8},"end":{"line":86,"column":68}},"type":"binary-expr","locations":[{"start":{"line":86,"column":8},"end":{"line":86,"column":33}},{"start":{"line":86,"column":37},"end":{"line":86,"column":68}}],"line":86},"6":{"loc":{"start":{"line":93,"column":4},"end":{"line":97,"column":5}},"type":"if","locations":[{"start":{"line":93,"column":4},"end":{"line":97,"column":5}},{"start":{},"end":{}}],"line":93},"7":{"loc":{"start":{"line":93,"column":8},"end":{"line":93,"column":43}},"type":"binary-expr","locations":[{"start":{"line":93,"column":8},"end":{"line":93,"column":26}},{"start":{"line":93,"column":30},"end":{"line":93,"column":43}}],"line":93},"8":{"loc":{"start":{"line":100,"column":4},"end":{"line":121,"column":5}},"type":"if","locations":[{"start":{"line":100,"column":4},"end":{"line":121,"column":5}},{"start":{},"end":{}}],"line":100},"9":{"loc":{"start":{"line":102,"column":6},"end":{"line":111,"column":7}},"type":"if","locations":[{"start":{"line":102,"column":6},"end":{"line":111,"column":7}},{"start":{},"end":{}}],"line":102},"10":{"loc":{"start":{"line":144,"column":4},"end":{"line":148,"column":5}},"type":"if","locations":[{"start":{"line":144,"column":4},"end":{"line":148,"column":5}},{"start":{},"end":{}}],"line":144}},"s":{"0":1,"1":1,"2":1,"3":0,"4":0,"5":0,"6":0,"7":0,"8":0,"9":0,"10":0,"11":0,"12":1,"13":0,"14":0,"15":0,"16":0,"17":0,"18":0,"19":0,"20":0,"21":0,"22":0,"23":0,"24":0,"25":0,"26":0,"27":0,"28":0,"29":0,"30":0,"31":0,"32":0,"33":0,"34":0,"35":0,"36":0,"37":0},"f":{"0":0,"1":0},"b":{"0":[0,0],"1":[0,0],"2":[0,0],"3":[0,0],"4":[0,0],"5":[0,0],"6":[0,0],"7":[0,0],"8":[0,0],"9":[0,0],"10":[0,0]},"_coverageSchema":"1a1c01bbd47fc00a2c39e90264f33305004495a9","hash":"86ff0dc969affdfc37e9f5d6d303273f5b8069cd"}
,"D:\\LUCIA_SCHOOL_BUSINESS PROJECTS\\LUCIA_SCHOOL_FILES\\Payment Voucher Management System\\controllers\\userController.js": {"path":"D:\\LUCIA_SCHOOL_BUSINESS PROJECTS\\LUCIA_SCHOOL_FILES\\Payment Voucher Management System\\controllers\\userController.js","statementMap":{"0":{"start":{"line":2,"column":25},"end":{"line":2,"column":28}},"1":{"start":{"line":3,"column":15},"end":{"line":3,"column":33}},"2":{"start":{"line":10,"column":24},"end":{"line":30,"column":1}},"3":{"start":{"line":11,"column":2},"end":{"line":29,"column":3}},"4":{"start":{"line":12,"column":17},"end":{"line":12,"column":46}},"5":{"start":{"line":13,"column":18},"end":{"line":13,"column":20}},"6":{"start":{"line":14,"column":17},"end":{"line":14,"column":35}},"7":{"start":{"line":16,"column":18},"end":{"line":23,"column":6}},"8":{"start":{"line":25,"column":4},"end":{"line":25,"column":56}},"9":{"start":{"line":27,"column":4},"end":{"line":27,"column":50}},"10":{"start":{"line":28,"column":4},"end":{"line":28,"column":70}},"11":{"start":{"line":33,"column":24},"end":{"line":72,"column":1}},"12":{"start":{"line":34,"column":2},"end":{"line":71,"column":3}},"13":{"start":{"line":35,"column":38},"end":{"line":35,"column":46}},"14":{"start":{"line":37,"column":25},"end":{"line":37,"column":75}},"15":{"start":{"line":38,"column":4},"end":{"line":40,"column":5}},"16":{"start":{"line":39,"column":6},"end":{"line":39,"column":71}},"17":{"start":{"line":43,"column":30},"end":{"line":43,"column":67}},"18":{"start":{"line":44,"column":27},"end":{"line":44,"column":67}},"19":{"start":{"line":46,"column":20},"end":{"line":54,"column":6}},"20":{"start":{"line":57,"column":4},"end":{"line":66,"column":7}},"21":{"start":{"line":69,"column":4},"end":{"line":69,"column":49}},"22":{"start":{"line":70,"column":4},"end":{"line":70,"column":68}},"23":{"start":{"line":75,"column":32},"end":{"line":122,"column":1}},"24":{"start":{"line":76,"column":2},"end":{"line":121,"column":3}},"25":{"start":{"line":77,"column":47},"end":{"line":77,"column":55}},"26":{"start":{"line":80,"column":4},"end":{"line":84,"column":5}},"27":{"start":{"line":81,"column":6},"end":{"line":83,"column":9}},"28":{"start":{"line":87,"column":25},"end":{"line":87,"column":75}},"29":{"start":{"line":88,"column":4},"end":{"line":90,"column":5}},"30":{"start":{"line":89,"column":6},"end":{"line":89,"column":71}},"31":{"start":{"line":92,"column":27},"end":{"line":92,"column":58}},"32":{"start":{"line":94,"column":26},"end":{"line":109,"column":6}},"33":{"start":{"line":111,"column":4},"end":{"line":114,"column":7}},"34":{"start":{"line":117,"column":4},"end":{"line":117,"column":50}},"35":{"start":{"line":118,"column":4},"end":{"line":120,"column":7}},"36":{"start":{"line":131,"column":21},"end":{"line":188,"column":1}},"37":{"start":{"line":132,"column":2},"end":{"line":187,"column":3}},"38":{"start":{"line":133,"column":32},"end":{"line":133,"column":40}},"39":{"start":{"line":135,"column":17},"end":{"line":135,"column":67}},"40":{"start":{"line":136,"column":4},"end":{"line":138,"column":5}},"41":{"start":{"line":137,"column":6},"end":{"line":137,"column":63}},"42":{"start":{"line":140,"column":26},"end":{"line":140,"column":71}},"43":{"start":{"line":141,"column":4},"end":{"line":143,"column":5}},"44":{"start":{"line":142,"column":6},"end":{"line":142,"column":63}},"45":{"start":{"line":146,"column":0},"end":{"line":162,"column":5}},"46":{"start":{"line":147,"column":29},"end":{"line":155,"column":7}},"47":{"start":{"line":157,"column":6},"end":{"line":161,"column":9}},"48":{"start":{"line":164,"column":22},"end":{"line":172,"column":5}},"49":{"start":{"line":174,"column":17},"end":{"line":174,"column":27}},"50":{"start":{"line":175,"column":4},"end":{"line":178,"column":6}},"51":{"start":{"line":180,"column":4},"end":{"line":183,"column":7}},"52":{"start":{"line":185,"column":4},"end":{"line":185,"column":41}},"53":{"start":{"line":186,"column":4},"end":{"line":186,"column":59}},"54":{"start":{"line":190,"column":30},"end":{"line":221,"column":1}},"55":{"start":{"line":191,"column":2},"end":{"line":220,"column":3}},"56":{"start":{"line":192,"column":19},"end":{"line":192,"column":30}},"57":{"start":{"line":193,"column":41},"end":{"line":193,"column":49}},"58":{"start":{"line":195,"column":17},"end":{"line":197,"column":6}},"59":{"start":{"line":199,"column":25},"end":{"line":199,"column":73}},"60":{"start":{"line":200,"column":4},"end":{"line":202,"column":5}},"61":{"start":{"line":201,"column":6},"end":{"line":201,"column":71}},"62":{"start":{"line":204,"column":27},"end":{"line":204,"column":61}},"63":{"start":{"line":206,"column":4},"end":{"line":212,"column":7}},"64":{"start":{"line":214,"column":4},"end":{"line":216,"column":7}},"65":{"start":{"line":218,"column":4},"end":{"line":218,"column":51}},"66":{"start":{"line":219,"column":4},"end":{"line":219,"column":72}},"67":{"start":{"line":230,"column":30},"end":{"line":297,"column":1}},"68":{"start":{"line":231,"column":2},"end":{"line":296,"column":3}},"69":{"start":{"line":232,"column":22},"end":{"line":232,"column":30}},"70":{"start":{"line":234,"column":4},"end":{"line":236,"column":5}},"71":{"start":{"line":235,"column":6},"end":{"line":235,"column":68}},"72":{"start":{"line":238,"column":17},"end":{"line":242,"column":6}},"73":{"start":{"line":244,"column":4},"end":{"line":246,"column":5}},"74":{"start":{"line":245,"column":6},"end":{"line":245,"column":65}},"75":{"start":{"line":249,"column":23},"end":{"line":253,"column":5}},"76":{"start":{"line":256,"column":22},"end":{"line":256,"column":93}},"77":{"start":{"line":258,"column":4},"end":{"line":258,"column":42}},"78":{"start":{"line":261,"column":24},"end":{"line":270,"column":6}},"79":{"start":{"line":273,"column":24},"end":{"line":284,"column":5}},"80":{"start":{"line":287,"column":4},"end":{"line":287,"column":44}},"81":{"start":{"line":288,"column":4},"end":{"line":288,"column":47}},"82":{"start":{"line":290,"column":4},"end":{"line":292,"column":80}},"83":{"start":{"line":294,"column":4},"end":{"line":294,"column":53}},"84":{"start":{"line":295,"column":4},"end":{"line":295,"column":70}},"85":{"start":{"line":299,"column":29},"end":{"line":332,"column":1}},"86":{"start":{"line":300,"column":2},"end":{"line":331,"column":3}},"87":{"start":{"line":301,"column":40},"end":{"line":301,"column":48}},"88":{"start":{"line":303,"column":4},"end":{"line":303,"column":83}},"89":{"start":{"line":303,"column":21},"end":{"line":303,"column":83}},"90":{"start":{"line":304,"column":4},"end":{"line":305,"column":89}},"91":{"start":{"line":305,"column":6},"end":{"line":305,"column":89}},"92":{"start":{"line":308,"column":4},"end":{"line":312,"column":5}},"93":{"start":{"line":309,"column":6},"end":{"line":309,"column":63}},"94":{"start":{"line":311,"column":6},"end":{"line":311,"column":75}},"95":{"start":{"line":314,"column":17},"end":{"line":314,"column":76}},"96":{"start":{"line":315,"column":4},"end":{"line":315,"column":74}},"97":{"start":{"line":315,"column":15},"end":{"line":315,"column":74}},"98":{"start":{"line":317,"column":27},"end":{"line":317,"column":61}},"99":{"start":{"line":319,"column":4},"end":{"line":325,"column":7}},"100":{"start":{"line":327,"column":4},"end":{"line":327,"column":69}},"101":{"start":{"line":329,"column":4},"end":{"line":329,"column":49}},"102":{"start":{"line":330,"column":4},"end":{"line":330,"column":63}},"103":{"start":{"line":350,"column":30},"end":{"line":376,"column":1}},"104":{"start":{"line":351,"column":2},"end":{"line":375,"column":3}},"105":{"start":{"line":352,"column":4},"end":{"line":354,"column":5}},"106":{"start":{"line":353,"column":6},"end":{"line":353,"column":68}},"107":{"start":{"line":356,"column":24},"end":{"line":361,"column":6}},"108":{"start":{"line":362,"column":4},"end":{"line":364,"column":5}},"109":{"start":{"line":363,"column":6},"end":{"line":363,"column":63}},"110":{"start":{"line":365,"column":4},"end":{"line":365,"column":74}},"111":{"start":{"line":367,"column":4},"end":{"line":367,"column":42}},"112":{"start":{"line":368,"column":4},"end":{"line":368,"column":45}},"113":{"start":{"line":370,"column":4},"end":{"line":372,"column":5}},"114":{"start":{"line":371,"column":6},"end":{"line":371,"column":76}},"115":{"start":{"line":374,"column":4},"end":{"line":374,"column":58}},"116":{"start":{"line":379,"column":30},"end":{"line":426,"column":1}},"117":{"start":{"line":380,"column":2},"end":{"line":425,"column":3}},"118":{"start":{"line":381,"column":25},"end":{"line":381,"column":47}},"119":{"start":{"line":382,"column":19},"end":{"line":382,"column":32}},"120":{"start":{"line":385,"column":4},"end":{"line":387,"column":5}},"121":{"start":{"line":386,"column":6},"end":{"line":386,"column":61}},"122":{"start":{"line":390,"column":4},"end":{"line":392,"column":5}},"123":{"start":{"line":391,"column":6},"end":{"line":391,"column":71}},"124":{"start":{"line":394,"column":17},"end":{"line":396,"column":6}},"125":{"start":{"line":398,"column":4},"end":{"line":400,"column":5}},"126":{"start":{"line":399,"column":6},"end":{"line":399,"column":63}},"127":{"start":{"line":403,"column":4},"end":{"line":405,"column":5}},"128":{"start":{"line":404,"column":6},"end":{"line":404,"column":76}},"129":{"start":{"line":407,"column":4},"end":{"line":410,"column":5}},"130":{"start":{"line":408,"column":6},"end":{"line":408,"column":58}},"131":{"start":{"line":409,"column":6},"end":{"line":409,"column":75}},"132":{"start":{"line":413,"column":24},"end":{"line":417,"column":6}},"133":{"start":{"line":419,"column":4},"end":{"line":422,"column":7}},"134":{"start":{"line":424,"column":4},"end":{"line":424,"column":58}}},"fnMap":{"0":{"name":"(anonymous_0)","decl":{"start":{"line":10,"column":24},"end":{"line":10,"column":25}},"loc":{"start":{"line":10,"column":44},"end":{"line":30,"column":1}},"line":10},"1":{"name":"(anonymous_1)","decl":{"start":{"line":33,"column":24},"end":{"line":33,"column":25}},"loc":{"start":{"line":33,"column":44},"end":{"line":72,"column":1}},"line":33},"2":{"name":"(anonymous_2)","decl":{"start":{"line":75,"column":32},"end":{"line":75,"column":33}},"loc":{"start":{"line":75,"column":52},"end":{"line":122,"column":1}},"line":75},"3":{"name":"(anonymous_3)","decl":{"start":{"line":131,"column":21},"end":{"line":131,"column":22}},"loc":{"start":{"line":131,"column":41},"end":{"line":188,"column":1}},"line":131},"4":{"name":"(anonymous_4)","decl":{"start":{"line":190,"column":30},"end":{"line":190,"column":31}},"loc":{"start":{"line":190,"column":50},"end":{"line":221,"column":1}},"line":190},"5":{"name":"(anonymous_5)","decl":{"start":{"line":230,"column":30},"end":{"line":230,"column":31}},"loc":{"start":{"line":230,"column":50},"end":{"line":297,"column":1}},"line":230},"6":{"name":"(anonymous_6)","decl":{"start":{"line":299,"column":29},"end":{"line":299,"column":30}},"loc":{"start":{"line":299,"column":49},"end":{"line":332,"column":1}},"line":299},"7":{"name":"(anonymous_7)","decl":{"start":{"line":350,"column":30},"end":{"line":350,"column":31}},"loc":{"start":{"line":350,"column":50},"end":{"line":376,"column":1}},"line":350},"8":{"name":"(anonymous_8)","decl":{"start":{"line":379,"column":30},"end":{"line":379,"column":31}},"loc":{"start":{"line":379,"column":50},"end":{"line":426,"column":1}},"line":379}},"branchMap":{"0":{"loc":{"start":{"line":12,"column":17},"end":{"line":12,"column":46}},"type":"binary-expr","locations":[{"start":{"line":12,"column":17},"end":{"line":12,"column":41}},{"start":{"line":12,"column":45},"end":{"line":12,"column":46}}],"line":12},"1":{"loc":{"start":{"line":38,"column":4},"end":{"line":40,"column":5}},"type":"if","locations":[{"start":{"line":38,"column":4},"end":{"line":40,"column":5}},{"start":{},"end":{}}],"line":38},"2":{"loc":{"start":{"line":80,"column":4},"end":{"line":84,"column":5}},"type":"if","locations":[{"start":{"line":80,"column":4},"end":{"line":84,"column":5}},{"start":{},"end":{}}],"line":80},"3":{"loc":{"start":{"line":88,"column":4},"end":{"line":90,"column":5}},"type":"if","locations":[{"start":{"line":88,"column":4},"end":{"line":90,"column":5}},{"start":{},"end":{}}],"line":88},"4":{"loc":{"start":{"line":136,"column":4},"end":{"line":138,"column":5}},"type":"if","locations":[{"start":{"line":136,"column":4},"end":{"line":138,"column":5}},{"start":{},"end":{}}],"line":136},"5":{"loc":{"start":{"line":141,"column":4},"end":{"line":143,"column":5}},"type":"if","locations":[{"start":{"line":141,"column":4},"end":{"line":143,"column":5}},{"start":{},"end":{}}],"line":141},"6":{"loc":{"start":{"line":146,"column":0},"end":{"line":162,"column":5}},"type":"if","locations":[{"start":{"line":146,"column":0},"end":{"line":162,"column":5}},{"start":{},"end":{}}],"line":146},"7":{"loc":{"start":{"line":200,"column":4},"end":{"line":202,"column":5}},"type":"if","locations":[{"start":{"line":200,"column":4},"end":{"line":202,"column":5}},{"start":{},"end":{}}],"line":200},"8":{"loc":{"start":{"line":234,"column":4},"end":{"line":236,"column":5}},"type":"if","locations":[{"start":{"line":234,"column":4},"end":{"line":236,"column":5}},{"start":{},"end":{}}],"line":234},"9":{"loc":{"start":{"line":244,"column":4},"end":{"line":246,"column":5}},"type":"if","locations":[{"start":{"line":244,"column":4},"end":{"line":246,"column":5}},{"start":{},"end":{}}],"line":244},"10":{"loc":{"start":{"line":303,"column":4},"end":{"line":303,"column":83}},"type":"if","locations":[{"start":{"line":303,"column":4},"end":{"line":303,"column":83}},{"start":{},"end":{}}],"line":303},"11":{"loc":{"start":{"line":304,"column":4},"end":{"line":305,"column":89}},"type":"if","locations":[{"start":{"line":304,"column":4},"end":{"line":305,"column":89}},{"start":{},"end":{}}],"line":304},"12":{"loc":{"start":{"line":304,"column":8},"end":{"line":304,"column":46}},"type":"binary-expr","locations":[{"start":{"line":304,"column":8},"end":{"line":304,"column":20}},{"start":{"line":304,"column":24},"end":{"line":304,"column":46}}],"line":304},"13":{"loc":{"start":{"line":315,"column":4},"end":{"line":315,"column":74}},"type":"if","locations":[{"start":{"line":315,"column":4},"end":{"line":315,"column":74}},{"start":{},"end":{}}],"line":315},"14":{"loc":{"start":{"line":352,"column":4},"end":{"line":354,"column":5}},"type":"if","locations":[{"start":{"line":352,"column":4},"end":{"line":354,"column":5}},{"start":{},"end":{}}],"line":352},"15":{"loc":{"start":{"line":362,"column":4},"end":{"line":364,"column":5}},"type":"if","locations":[{"start":{"line":362,"column":4},"end":{"line":364,"column":5}},{"start":{},"end":{}}],"line":362},"16":{"loc":{"start":{"line":370,"column":4},"end":{"line":372,"column":5}},"type":"if","locations":[{"start":{"line":370,"column":4},"end":{"line":372,"column":5}},{"start":{},"end":{}}],"line":370},"17":{"loc":{"start":{"line":385,"column":4},"end":{"line":387,"column":5}},"type":"if","locations":[{"start":{"line":385,"column":4},"end":{"line":387,"column":5}},{"start":{},"end":{}}],"line":385},"18":{"loc":{"start":{"line":390,"column":4},"end":{"line":392,"column":5}},"type":"if","locations":[{"start":{"line":390,"column":4},"end":{"line":392,"column":5}},{"start":{},"end":{}}],"line":390},"19":{"loc":{"start":{"line":390,"column":8},"end":{"line":390,"column":60}},"type":"binary-expr","locations":[{"start":{"line":390,"column":8},"end":{"line":390,"column":31}},{"start":{"line":390,"column":35},"end":{"line":390,"column":60}}],"line":390},"20":{"loc":{"start":{"line":398,"column":4},"end":{"line":400,"column":5}},"type":"if","locations":[{"start":{"line":398,"column":4},"end":{"line":400,"column":5}},{"start":{},"end":{}}],"line":398},"21":{"loc":{"start":{"line":403,"column":4},"end":{"line":405,"column":5}},"type":"if","locations":[{"start":{"line":403,"column":4},"end":{"line":405,"column":5}},{"start":{},"end":{}}],"line":403},"22":{"loc":{"start":{"line":403,"column":8},"end":{"line":403,"column":49}},"type":"binary-expr","locations":[{"start":{"line":403,"column":8},"end":{"line":403,"column":22}},{"start":{"line":403,"column":26},"end":{"line":403,"column":49}}],"line":403},"23":{"loc":{"start":{"line":407,"column":4},"end":{"line":410,"column":5}},"type":"if","locations":[{"start":{"line":407,"column":4},"end":{"line":410,"column":5}},{"start":{},"end":{}}],"line":407}},"s":{"0":1,"1":1,"2":1,"3":0,"4":0,"5":0,"6":0,"7":0,"8":0,"9":0,"10":0,"11":1,"12":0,"13":0,"14":0,"15":0,"16":0,"17":0,"18":0,"19":0,"20":0,"21":0,"22":0,"23":1,"24":0,"25":0,"26":0,"27":0,"28":0,"29":0,"30":0,"31":0,"32":0,"33":0,"34":0,"35":0,"36":1,"37":1,"38":1,"39":1,"40":1,"41":0,"42":1,"43":1,"44":0,"45":1,"46":0,"47":0,"48":1,"49":1,"50":1,"51":1,"52":0,"53":0,"54":1,"55":0,"56":0,"57":0,"58":0,"59":0,"60":0,"61":0,"62":0,"63":0,"64":0,"65":0,"66":0,"67":1,"68":0,"69":0,"70":0,"71":0,"72":0,"73":0,"74":0,"75":0,"76":0,"77":0,"78":0,"79":0,"80":0,"81":0,"82":0,"83":0,"84":0,"85":1,"86":0,"87":0,"88":0,"89":0,"90":0,"91":0,"92":0,"93":0,"94":0,"95":0,"96":0,"97":0,"98":0,"99":0,"100":0,"101":0,"102":0,"103":1,"104":0,"105":0,"106":0,"107":0,"108":0,"109":0,"110":0,"111":0,"112":0,"113":0,"114":0,"115":0,"116":1,"117":0,"118":0,"119":0,"120":0,"121":0,"122":0,"123":0,"124":0,"125":0,"126":0,"127":0,"128":0,"129":0,"130":0,"131":0,"132":0,"133":0,"134":0},"f":{"0":0,"1":0,"2":0,"3":1,"4":0,"5":0,"6":0,"7":0,"8":0},"b":{"0":[0,0],"1":[0,0],"2":[0,0],"3":[0,0],"4":[0,1],"5":[0,1],"6":[0,1],"7":[0,0],"8":[0,0],"9":[0,0],"10":[0,0],"11":[0,0],"12":[0,0],"13":[0,0],"14":[0,0],"15":[0,0],"16":[0,0],"17":[0,0],"18":[0,0],"19":[0,0],"20":[0,0],"21":[0,0],"22":[0,0],"23":[0,0]},"_coverageSchema":"1a1c01bbd47fc00a2c39e90264f33305004495a9","hash":"58b7022566caccb0e450525bef6580991ac74cd8"}
,"D:\\LUCIA_SCHOOL_BUSINESS PROJECTS\\LUCIA_SCHOOL_FILES\\Payment Voucher Management System\\controllers\\voucherController.js": {"path":"D:\\LUCIA_SCHOOL_BUSINESS PROJECTS\\LUCIA_SCHOOL_FILES\\Payment Voucher Management System\\controllers\\voucherController.js","statementMap":{"0":{"start":{"line":2,"column":25},"end":{"line":2,"column":28}},"1":{"start":{"line":3,"column":15},"end":{"line":3,"column":33}},"2":{"start":{"line":10,"column":27},"end":{"line":49,"column":1}},"3":{"start":{"line":11,"column":2},"end":{"line":48,"column":3}},"4":{"start":{"line":12,"column":17},"end":{"line":12,"column":46}},"5":{"start":{"line":13,"column":18},"end":{"line":13,"column":20}},"6":{"start":{"line":14,"column":17},"end":{"line":14,"column":35}},"7":{"start":{"line":17,"column":30},"end":{"line":29,"column":6}},"8":{"start":{"line":31,"column":4},"end":{"line":41,"column":7}},"9":{"start":{"line":43,"column":4},"end":{"line":43,"column":53}},"10":{"start":{"line":45,"column":4},"end":{"line":47,"column":7}},"11":{"start":{"line":53,"column":35},"end":{"line":106,"column":1}},"12":{"start":{"line":54,"column":2},"end":{"line":105,"column":3}},"13":{"start":{"line":55,"column":19},"end":{"line":55,"column":29}},"14":{"start":{"line":56,"column":17},"end":{"line":56,"column":46}},"15":{"start":{"line":57,"column":18},"end":{"line":57,"column":20}},"16":{"start":{"line":58,"column":17},"end":{"line":58,"column":35}},"17":{"start":{"line":61,"column":30},"end":{"line":79,"column":6}},"18":{"start":{"line":82,"column":4},"end":{"line":86,"column":5}},"19":{"start":{"line":83,"column":6},"end":{"line":85,"column":9}},"20":{"start":{"line":88,"column":4},"end":{"line":98,"column":7}},"21":{"start":{"line":100,"column":4},"end":{"line":100,"column":58}},"22":{"start":{"line":102,"column":4},"end":{"line":104,"column":7}},"23":{"start":{"line":109,"column":37},"end":{"line":141,"column":1}},"24":{"start":{"line":110,"column":2},"end":{"line":140,"column":5}},"25":{"start":{"line":112,"column":23},"end":{"line":118,"column":10}},"26":{"start":{"line":120,"column":9},"end":{"line":122,"column":5}},"27":{"start":{"line":121,"column":6},"end":{"line":121,"column":66}},"28":{"start":{"line":125,"column":7},"end":{"line":131,"column":10}},"29":{"start":{"line":135,"column":6},"end":{"line":135,"column":53}},"30":{"start":{"line":136,"column":8},"end":{"line":138,"column":10}},"31":{"start":{"line":145,"column":35},"end":{"line":198,"column":1}},"32":{"start":{"line":146,"column":2},"end":{"line":197,"column":3}},"33":{"start":{"line":147,"column":23},"end":{"line":147,"column":33}},"34":{"start":{"line":148,"column":17},"end":{"line":148,"column":46}},"35":{"start":{"line":149,"column":18},"end":{"line":149,"column":20}},"36":{"start":{"line":150,"column":17},"end":{"line":150,"column":35}},"37":{"start":{"line":153,"column":4},"end":{"line":157,"column":5}},"38":{"start":{"line":154,"column":6},"end":{"line":156,"column":9}},"39":{"start":{"line":160,"column":18},"end":{"line":164,"column":5}},"40":{"start":{"line":167,"column":30},"end":{"line":177,"column":6}},"41":{"start":{"line":179,"column":4},"end":{"line":189,"column":7}},"42":{"start":{"line":192,"column":4},"end":{"line":192,"column":62}},"43":{"start":{"line":194,"column":4},"end":{"line":196,"column":7}},"44":{"start":{"line":200,"column":29},"end":{"line":286,"column":1}},"45":{"start":{"line":201,"column":2},"end":{"line":285,"column":3}},"46":{"start":{"line":212,"column":8},"end":{"line":212,"column":16}},"47":{"start":{"line":214,"column":19},"end":{"line":214,"column":30}},"48":{"start":{"line":215,"column":23},"end":{"line":215,"column":37}},"49":{"start":{"line":221,"column":23},"end":{"line":254,"column":6}},"50":{"start":{"line":257,"column":4},"end":{"line":268,"column":5}},"51":{"start":{"line":258,"column":28},"end":{"line":263,"column":9}},"52":{"start":{"line":258,"column":53},"end":{"line":263,"column":7}},"53":{"start":{"line":265,"column":6},"end":{"line":267,"column":9}},"54":{"start":{"line":271,"column":4},"end":{"line":278,"column":7}},"55":{"start":{"line":274,"column":43},"end":{"line":277,"column":7}},"56":{"start":{"line":281,"column":4},"end":{"line":281,"column":25}},"57":{"start":{"line":282,"column":4},"end":{"line":284,"column":7}},"58":{"start":{"line":288,"column":29},"end":{"line":336,"column":1}},"59":{"start":{"line":289,"column":17},"end":{"line":289,"column":27}},"60":{"start":{"line":290,"column":15},"end":{"line":290,"column":23}},"61":{"start":{"line":292,"column":2},"end":{"line":335,"column":3}},"62":{"start":{"line":293,"column":20},"end":{"line":293,"column":70}},"63":{"start":{"line":295,"column":4},"end":{"line":298,"column":5}},"64":{"start":{"line":296,"column":6},"end":{"line":296,"column":68}},"65":{"start":{"line":301,"column":4},"end":{"line":303,"column":5}},"66":{"start":{"line":302,"column":6},"end":{"line":302,"column":62}},"67":{"start":{"line":306,"column":4},"end":{"line":308,"column":5}},"68":{"start":{"line":307,"column":6},"end":{"line":307,"column":84}},"69":{"start":{"line":311,"column":26},"end":{"line":311,"column":41}},"70":{"start":{"line":312,"column":4},"end":{"line":312,"column":28}},"71":{"start":{"line":313,"column":4},"end":{"line":313,"column":35}},"72":{"start":{"line":314,"column":4},"end":{"line":314,"column":37}},"73":{"start":{"line":315,"column":4},"end":{"line":315,"column":35}},"74":{"start":{"line":316,"column":4},"end":{"line":316,"column":35}},"75":{"start":{"line":317,"column":4},"end":{"line":317,"column":32}},"76":{"start":{"line":318,"column":4},"end":{"line":318,"column":32}},"77":{"start":{"line":319,"column":4},"end":{"line":319,"column":33}},"78":{"start":{"line":320,"column":4},"end":{"line":320,"column":35}},"79":{"start":{"line":322,"column":20},"end":{"line":325,"column":6}},"80":{"start":{"line":327,"column":4},"end":{"line":331,"column":7}},"81":{"start":{"line":333,"column":4},"end":{"line":333,"column":52}},"82":{"start":{"line":334,"column":4},"end":{"line":334,"column":64}},"83":{"start":{"line":338,"column":29},"end":{"line":376,"column":1}},"84":{"start":{"line":339,"column":17},"end":{"line":339,"column":27}},"85":{"start":{"line":340,"column":15},"end":{"line":340,"column":23}},"86":{"start":{"line":342,"column":2},"end":{"line":375,"column":3}},"87":{"start":{"line":343,"column":20},"end":{"line":343,"column":70}},"88":{"start":{"line":345,"column":4},"end":{"line":347,"column":5}},"89":{"start":{"line":346,"column":6},"end":{"line":346,"column":68}},"90":{"start":{"line":350,"column":4},"end":{"line":354,"column":5}},"91":{"start":{"line":351,"column":6},"end":{"line":353,"column":9}},"92":{"start":{"line":357,"column":4},"end":{"line":361,"column":5}},"93":{"start":{"line":358,"column":6},"end":{"line":360,"column":9}},"94":{"start":{"line":363,"column":20},"end":{"line":366,"column":6}},"95":{"start":{"line":368,"column":4},"end":{"line":371,"column":7}},"96":{"start":{"line":373,"column":4},"end":{"line":373,"column":54}},"97":{"start":{"line":374,"column":4},"end":{"line":374,"column":73}},"98":{"start":{"line":378,"column":29},"end":{"line":423,"column":1}},"99":{"start":{"line":379,"column":17},"end":{"line":379,"column":27}},"100":{"start":{"line":380,"column":15},"end":{"line":380,"column":23}},"101":{"start":{"line":382,"column":2},"end":{"line":422,"column":3}},"102":{"start":{"line":383,"column":20},"end":{"line":385,"column":5}},"103":{"start":{"line":387,"column":4},"end":{"line":389,"column":5}},"104":{"start":{"line":388,"column":6},"end":{"line":388,"column":68}},"105":{"start":{"line":392,"column":4},"end":{"line":397,"column":5}},"106":{"start":{"line":393,"column":6},"end":{"line":396,"column":9}},"107":{"start":{"line":400,"column":4},"end":{"line":404,"column":5}},"108":{"start":{"line":401,"column":6},"end":{"line":403,"column":9}},"109":{"start":{"line":406,"column":20},"end":{"line":413,"column":6}},"110":{"start":{"line":415,"column":4},"end":{"line":418,"column":7}},"111":{"start":{"line":420,"column":4},"end":{"line":420,"column":53}},"112":{"start":{"line":421,"column":4},"end":{"line":421,"column":78}},"113":{"start":{"line":425,"column":31},"end":{"line":470,"column":1}},"114":{"start":{"line":426,"column":17},"end":{"line":426,"column":27}},"115":{"start":{"line":427,"column":22},"end":{"line":427,"column":30}},"116":{"start":{"line":428,"column":15},"end":{"line":428,"column":23}},"117":{"start":{"line":430,"column":2},"end":{"line":469,"column":3}},"118":{"start":{"line":431,"column":20},"end":{"line":431,"column":70}},"119":{"start":{"line":433,"column":4},"end":{"line":435,"column":5}},"120":{"start":{"line":434,"column":6},"end":{"line":434,"column":68}},"121":{"start":{"line":438,"column":4},"end":{"line":443,"column":5}},"122":{"start":{"line":439,"column":6},"end":{"line":442,"column":9}},"123":{"start":{"line":446,"column":4},"end":{"line":450,"column":5}},"124":{"start":{"line":447,"column":6},"end":{"line":449,"column":9}},"125":{"start":{"line":452,"column":20},"end":{"line":460,"column":6}},"126":{"start":{"line":462,"column":4},"end":{"line":465,"column":7}},"127":{"start":{"line":467,"column":4},"end":{"line":467,"column":56}},"128":{"start":{"line":468,"column":4},"end":{"line":468,"column":75}},"129":{"start":{"line":472,"column":30},"end":{"line":522,"column":1}},"130":{"start":{"line":473,"column":17},"end":{"line":473,"column":27}},"131":{"start":{"line":474,"column":15},"end":{"line":474,"column":23}},"132":{"start":{"line":476,"column":2},"end":{"line":521,"column":3}},"133":{"start":{"line":477,"column":20},"end":{"line":477,"column":70}},"134":{"start":{"line":479,"column":4},"end":{"line":481,"column":5}},"135":{"start":{"line":480,"column":6},"end":{"line":480,"column":68}},"136":{"start":{"line":484,"column":4},"end":{"line":489,"column":5}},"137":{"start":{"line":485,"column":6},"end":{"line":488,"column":9}},"138":{"start":{"line":492,"column":4},"end":{"line":496,"column":5}},"139":{"start":{"line":493,"column":6},"end":{"line":495,"column":9}},"140":{"start":{"line":499,"column":4},"end":{"line":503,"column":5}},"141":{"start":{"line":500,"column":6},"end":{"line":502,"column":9}},"142":{"start":{"line":505,"column":20},"end":{"line":512,"column":6}},"143":{"start":{"line":514,"column":4},"end":{"line":517,"column":7}},"144":{"start":{"line":519,"column":4},"end":{"line":519,"column":53}},"145":{"start":{"line":520,"column":4},"end":{"line":520,"column":72}},"146":{"start":{"line":525,"column":29},"end":{"line":577,"column":1}},"147":{"start":{"line":526,"column":17},"end":{"line":526,"column":27}},"148":{"start":{"line":527,"column":30},"end":{"line":527,"column":38}},"149":{"start":{"line":528,"column":15},"end":{"line":528,"column":23}},"150":{"start":{"line":530,"column":2},"end":{"line":576,"column":3}},"151":{"start":{"line":531,"column":20},"end":{"line":531,"column":70}},"152":{"start":{"line":533,"column":4},"end":{"line":535,"column":5}},"153":{"start":{"line":534,"column":6},"end":{"line":534,"column":68}},"154":{"start":{"line":538,"column":4},"end":{"line":543,"column":5}},"155":{"start":{"line":539,"column":6},"end":{"line":542,"column":9}},"156":{"start":{"line":546,"column":4},"end":{"line":550,"column":5}},"157":{"start":{"line":547,"column":6},"end":{"line":549,"column":9}},"158":{"start":{"line":553,"column":4},"end":{"line":557,"column":5}},"159":{"start":{"line":554,"column":6},"end":{"line":556,"column":9}},"160":{"start":{"line":559,"column":20},"end":{"line":567,"column":6}},"161":{"start":{"line":569,"column":4},"end":{"line":572,"column":7}},"162":{"start":{"line":574,"column":4},"end":{"line":574,"column":53}},"163":{"start":{"line":575,"column":4},"end":{"line":575,"column":72}},"164":{"start":{"line":580,"column":33},"end":{"line":637,"column":1}},"165":{"start":{"line":581,"column":2},"end":{"line":636,"column":3}},"166":{"start":{"line":582,"column":19},"end":{"line":582,"column":29}},"167":{"start":{"line":585,"column":4},"end":{"line":587,"column":5}},"168":{"start":{"line":586,"column":6},"end":{"line":586,"column":63}},"169":{"start":{"line":589,"column":20},"end":{"line":591,"column":6}},"170":{"start":{"line":593,"column":4},"end":{"line":595,"column":5}},"171":{"start":{"line":594,"column":6},"end":{"line":594,"column":68}},"172":{"start":{"line":598,"column":4},"end":{"line":602,"column":5}},"173":{"start":{"line":599,"column":6},"end":{"line":601,"column":9}},"174":{"start":{"line":605,"column":4},"end":{"line":609,"column":5}},"175":{"start":{"line":606,"column":6},"end":{"line":608,"column":9}},"176":{"start":{"line":612,"column":27},"end":{"line":622,"column":6}},"177":{"start":{"line":624,"column":4},"end":{"line":624,"column":69}},"178":{"start":{"line":626,"column":4},"end":{"line":629,"column":7}},"179":{"start":{"line":631,"column":4},"end":{"line":631,"column":50}},"180":{"start":{"line":632,"column":4},"end":{"line":635,"column":7}},"181":{"start":{"line":641,"column":34},"end":{"line":690,"column":1}},"182":{"start":{"line":642,"column":2},"end":{"line":689,"column":3}},"183":{"start":{"line":643,"column":19},"end":{"line":643,"column":29}},"184":{"start":{"line":644,"column":4},"end":{"line":646,"column":5}},"185":{"start":{"line":645,"column":6},"end":{"line":645,"column":63}},"186":{"start":{"line":649,"column":20},"end":{"line":651,"column":6}},"187":{"start":{"line":653,"column":4},"end":{"line":655,"column":5}},"188":{"start":{"line":654,"column":6},"end":{"line":654,"column":68}},"189":{"start":{"line":658,"column":4},"end":{"line":662,"column":5}},"190":{"start":{"line":659,"column":6},"end":{"line":661,"column":9}},"191":{"start":{"line":665,"column":28},"end":{"line":675,"column":6}},"192":{"start":{"line":677,"column":4},"end":{"line":677,"column":77}},"193":{"start":{"line":679,"column":4},"end":{"line":682,"column":7}},"194":{"start":{"line":684,"column":4},"end":{"line":684,"column":51}},"195":{"start":{"line":685,"column":4},"end":{"line":688,"column":7}}},"fnMap":{"0":{"name":"(anonymous_0)","decl":{"start":{"line":10,"column":27},"end":{"line":10,"column":28}},"loc":{"start":{"line":10,"column":47},"end":{"line":49,"column":1}},"line":10},"1":{"name":"(anonymous_1)","decl":{"start":{"line":53,"column":35},"end":{"line":53,"column":36}},"loc":{"start":{"line":53,"column":55},"end":{"line":106,"column":1}},"line":53},"2":{"name":"(anonymous_2)","decl":{"start":{"line":109,"column":37},"end":{"line":109,"column":38}},"loc":{"start":{"line":109,"column":53},"end":{"line":141,"column":1}},"line":109},"3":{"name":"(anonymous_3)","decl":{"start":{"line":145,"column":35},"end":{"line":145,"column":36}},"loc":{"start":{"line":145,"column":55},"end":{"line":198,"column":1}},"line":145},"4":{"name":"(anonymous_4)","decl":{"start":{"line":200,"column":29},"end":{"line":200,"column":30}},"loc":{"start":{"line":200,"column":49},"end":{"line":286,"column":1}},"line":200},"5":{"name":"(anonymous_5)","decl":{"start":{"line":258,"column":42},"end":{"line":258,"column":43}},"loc":{"start":{"line":258,"column":53},"end":{"line":263,"column":7}},"line":258},"6":{"name":"(anonymous_6)","decl":{"start":{"line":274,"column":32},"end":{"line":274,"column":33}},"loc":{"start":{"line":274,"column":43},"end":{"line":277,"column":7}},"line":274},"7":{"name":"(anonymous_7)","decl":{"start":{"line":288,"column":29},"end":{"line":288,"column":30}},"loc":{"start":{"line":288,"column":49},"end":{"line":336,"column":1}},"line":288},"8":{"name":"(anonymous_8)","decl":{"start":{"line":338,"column":29},"end":{"line":338,"column":30}},"loc":{"start":{"line":338,"column":49},"end":{"line":376,"column":1}},"line":338},"9":{"name":"(anonymous_9)","decl":{"start":{"line":378,"column":29},"end":{"line":378,"column":30}},"loc":{"start":{"line":378,"column":49},"end":{"line":423,"column":1}},"line":378},"10":{"name":"(anonymous_10)","decl":{"start":{"line":425,"column":31},"end":{"line":425,"column":32}},"loc":{"start":{"line":425,"column":51},"end":{"line":470,"column":1}},"line":425},"11":{"name":"(anonymous_11)","decl":{"start":{"line":472,"column":30},"end":{"line":472,"column":31}},"loc":{"start":{"line":472,"column":50},"end":{"line":522,"column":1}},"line":472},"12":{"name":"(anonymous_12)","decl":{"start":{"line":525,"column":29},"end":{"line":525,"column":30}},"loc":{"start":{"line":525,"column":49},"end":{"line":577,"column":1}},"line":525},"13":{"name":"(anonymous_13)","decl":{"start":{"line":580,"column":33},"end":{"line":580,"column":34}},"loc":{"start":{"line":580,"column":53},"end":{"line":637,"column":1}},"line":580},"14":{"name":"(anonymous_14)","decl":{"start":{"line":641,"column":34},"end":{"line":641,"column":35}},"loc":{"start":{"line":641,"column":54},"end":{"line":690,"column":1}},"line":641}},"branchMap":{"0":{"loc":{"start":{"line":12,"column":17},"end":{"line":12,"column":46}},"type":"binary-expr","locations":[{"start":{"line":12,"column":17},"end":{"line":12,"column":41}},{"start":{"line":12,"column":45},"end":{"line":12,"column":46}}],"line":12},"1":{"loc":{"start":{"line":56,"column":17},"end":{"line":56,"column":46}},"type":"binary-expr","locations":[{"start":{"line":56,"column":17},"end":{"line":56,"column":41}},{"start":{"line":56,"column":45},"end":{"line":56,"column":46}}],"line":56},"2":{"loc":{"start":{"line":82,"column":4},"end":{"line":86,"column":5}},"type":"if","locations":[{"start":{"line":82,"column":4},"end":{"line":86,"column":5}},{"start":{},"end":{}}],"line":82},"3":{"loc":{"start":{"line":120,"column":9},"end":{"line":122,"column":5}},"type":"if","locations":[{"start":{"line":120,"column":9},"end":{"line":122,"column":5}},{"start":{},"end":{}}],"line":120},"4":{"loc":{"start":{"line":148,"column":17},"end":{"line":148,"column":46}},"type":"binary-expr","locations":[{"start":{"line":148,"column":17},"end":{"line":148,"column":41}},{"start":{"line":148,"column":45},"end":{"line":148,"column":46}}],"line":148},"5":{"loc":{"start":{"line":153,"column":4},"end":{"line":157,"column":5}},"type":"if","locations":[{"start":{"line":153,"column":4},"end":{"line":157,"column":5}},{"start":{},"end":{}}],"line":153},"6":{"loc":{"start":{"line":257,"column":4},"end":{"line":268,"column":5}},"type":"if","locations":[{"start":{"line":257,"column":4},"end":{"line":268,"column":5}},{"start":{},"end":{}}],"line":257},"7":{"loc":{"start":{"line":257,"column":8},"end":{"line":257,"column":41}},"type":"binary-expr","locations":[{"start":{"line":257,"column":8},"end":{"line":257,"column":17}},{"start":{"line":257,"column":21},"end":{"line":257,"column":41}}],"line":257},"8":{"loc":{"start":{"line":295,"column":4},"end":{"line":298,"column":5}},"type":"if","locations":[{"start":{"line":295,"column":4},"end":{"line":298,"column":5}},{"start":{},"end":{}}],"line":295},"9":{"loc":{"start":{"line":301,"column":4},"end":{"line":303,"column":5}},"type":"if","locations":[{"start":{"line":301,"column":4},"end":{"line":303,"column":5}},{"start":{},"end":{}}],"line":301},"10":{"loc":{"start":{"line":306,"column":4},"end":{"line":308,"column":5}},"type":"if","locations":[{"start":{"line":306,"column":4},"end":{"line":308,"column":5}},{"start":{},"end":{}}],"line":306},"11":{"loc":{"start":{"line":345,"column":4},"end":{"line":347,"column":5}},"type":"if","locations":[{"start":{"line":345,"column":4},"end":{"line":347,"column":5}},{"start":{},"end":{}}],"line":345},"12":{"loc":{"start":{"line":350,"column":4},"end":{"line":354,"column":5}},"type":"if","locations":[{"start":{"line":350,"column":4},"end":{"line":354,"column":5}},{"start":{},"end":{}}],"line":350},"13":{"loc":{"start":{"line":357,"column":4},"end":{"line":361,"column":5}},"type":"if","locations":[{"start":{"line":357,"column":4},"end":{"line":361,"column":5}},{"start":{},"end":{}}],"line":357},"14":{"loc":{"start":{"line":387,"column":4},"end":{"line":389,"column":5}},"type":"if","locations":[{"start":{"line":387,"column":4},"end":{"line":389,"column":5}},{"start":{},"end":{}}],"line":387},"15":{"loc":{"start":{"line":392,"column":4},"end":{"line":397,"column":5}},"type":"if","locations":[{"start":{"line":392,"column":4},"end":{"line":397,"column":5}},{"start":{},"end":{}}],"line":392},"16":{"loc":{"start":{"line":400,"column":4},"end":{"line":404,"column":5}},"type":"if","locations":[{"start":{"line":400,"column":4},"end":{"line":404,"column":5}},{"start":{},"end":{}}],"line":400},"17":{"loc":{"start":{"line":433,"column":4},"end":{"line":435,"column":5}},"type":"if","locations":[{"start":{"line":433,"column":4},"end":{"line":435,"column":5}},{"start":{},"end":{}}],"line":433},"18":{"loc":{"start":{"line":438,"column":4},"end":{"line":443,"column":5}},"type":"if","locations":[{"start":{"line":438,"column":4},"end":{"line":443,"column":5}},{"start":{},"end":{}}],"line":438},"19":{"loc":{"start":{"line":446,"column":4},"end":{"line":450,"column":5}},"type":"if","locations":[{"start":{"line":446,"column":4},"end":{"line":450,"column":5}},{"start":{},"end":{}}],"line":446},"20":{"loc":{"start":{"line":479,"column":4},"end":{"line":481,"column":5}},"type":"if","locations":[{"start":{"line":479,"column":4},"end":{"line":481,"column":5}},{"start":{},"end":{}}],"line":479},"21":{"loc":{"start":{"line":484,"column":4},"end":{"line":489,"column":5}},"type":"if","locations":[{"start":{"line":484,"column":4},"end":{"line":489,"column":5}},{"start":{},"end":{}}],"line":484},"22":{"loc":{"start":{"line":492,"column":4},"end":{"line":496,"column":5}},"type":"if","locations":[{"start":{"line":492,"column":4},"end":{"line":496,"column":5}},{"start":{},"end":{}}],"line":492},"23":{"loc":{"start":{"line":499,"column":4},"end":{"line":503,"column":5}},"type":"if","locations":[{"start":{"line":499,"column":4},"end":{"line":503,"column":5}},{"start":{},"end":{}}],"line":499},"24":{"loc":{"start":{"line":533,"column":4},"end":{"line":535,"column":5}},"type":"if","locations":[{"start":{"line":533,"column":4},"end":{"line":535,"column":5}},{"start":{},"end":{}}],"line":533},"25":{"loc":{"start":{"line":538,"column":4},"end":{"line":543,"column":5}},"type":"if","locations":[{"start":{"line":538,"column":4},"end":{"line":543,"column":5}},{"start":{},"end":{}}],"line":538},"26":{"loc":{"start":{"line":546,"column":4},"end":{"line":550,"column":5}},"type":"if","locations":[{"start":{"line":546,"column":4},"end":{"line":550,"column":5}},{"start":{},"end":{}}],"line":546},"27":{"loc":{"start":{"line":553,"column":4},"end":{"line":557,"column":5}},"type":"if","locations":[{"start":{"line":553,"column":4},"end":{"line":557,"column":5}},{"start":{},"end":{}}],"line":553},"28":{"loc":{"start":{"line":585,"column":4},"end":{"line":587,"column":5}},"type":"if","locations":[{"start":{"line":585,"column":4},"end":{"line":587,"column":5}},{"start":{},"end":{}}],"line":585},"29":{"loc":{"start":{"line":593,"column":4},"end":{"line":595,"column":5}},"type":"if","locations":[{"start":{"line":593,"column":4},"end":{"line":595,"column":5}},{"start":{},"end":{}}],"line":593},"30":{"loc":{"start":{"line":598,"column":4},"end":{"line":602,"column":5}},"type":"if","locations":[{"start":{"line":598,"column":4},"end":{"line":602,"column":5}},{"start":{},"end":{}}],"line":598},"31":{"loc":{"start":{"line":605,"column":4},"end":{"line":609,"column":5}},"type":"if","locations":[{"start":{"line":605,"column":4},"end":{"line":609,"column":5}},{"start":{},"end":{}}],"line":605},"32":{"loc":{"start":{"line":644,"column":4},"end":{"line":646,"column":5}},"type":"if","locations":[{"start":{"line":644,"column":4},"end":{"line":646,"column":5}},{"start":{},"end":{}}],"line":644},"33":{"loc":{"start":{"line":653,"column":4},"end":{"line":655,"column":5}},"type":"if","locations":[{"start":{"line":653,"column":4},"end":{"line":655,"column":5}},{"start":{},"end":{}}],"line":653},"34":{"loc":{"start":{"line":658,"column":4},"end":{"line":662,"column":5}},"type":"if","locations":[{"start":{"line":658,"column":4},"end":{"line":662,"column":5}},{"start":{},"end":{}}],"line":658}},"s":{"0":1,"1":1,"2":1,"3":0,"4":0,"5":0,"6":0,"7":0,"8":0,"9":0,"10":0,"11":1,"12":0,"13":0,"14":0,"15":0,"16":0,"17":0,"18":0,"19":0,"20":0,"21":0,"22":0,"23":1,"24":0,"25":0,"26":0,"27":0,"28":0,"29":0,"30":0,"31":1,"32":0,"33":0,"34":0,"35":0,"36":0,"37":0,"38":0,"39":0,"40":0,"41":0,"42":0,"43":0,"44":1,"45":1,"46":1,"47":1,"48":1,"49":1,"50":1,"51":1,"52":1,"53":1,"54":1,"55":1,"56":0,"57":0,"58":1,"59":0,"60":0,"61":0,"62":0,"63":0,"64":0,"65":0,"66":0,"67":0,"68":0,"69":0,"70":0,"71":0,"72":0,"73":0,"74":0,"75":0,"76":0,"77":0,"78":0,"79":0,"80":0,"81":0,"82":0,"83":1,"84":2,"85":2,"86":2,"87":2,"88":2,"89":0,"90":2,"91":0,"92":2,"93":1,"94":1,"95":1,"96":0,"97":0,"98":1,"99":0,"100":0,"101":0,"102":0,"103":0,"104":0,"105":0,"106":0,"107":0,"108":0,"109":0,"110":0,"111":0,"112":0,"113":1,"114":0,"115":0,"116":0,"117":0,"118":0,"119":0,"120":0,"121":0,"122":0,"123":0,"124":0,"125":0,"126":0,"127":0,"128":0,"129":1,"130":0,"131":0,"132":0,"133":0,"134":0,"135":0,"136":0,"137":0,"138":0,"139":0,"140":0,"141":0,"142":0,"143":0,"144":0,"145":0,"146":1,"147":0,"148":0,"149":0,"150":0,"151":0,"152":0,"153":0,"154":0,"155":0,"156":0,"157":0,"158":0,"159":0,"160":0,"161":0,"162":0,"163":0,"164":1,"165":0,"166":0,"167":0,"168":0,"169":0,"170":0,"171":0,"172":0,"173":0,"174":0,"175":0,"176":0,"177":0,"178":0,"179":0,"180":0,"181":1,"182":0,"183":0,"184":0,"185":0,"186":0,"187":0,"188":0,"189":0,"190":0,"191":0,"192":0,"193":0,"194":0,"195":0},"f":{"0":0,"1":0,"2":0,"3":0,"4":1,"5":1,"6":1,"7":0,"8":2,"9":0,"10":0,"11":0,"12":0,"13":0,"14":0},"b":{"0":[0,0],"1":[0,0],"2":[0,0],"3":[0,0],"4":[0,0],"5":[0,0],"6":[1,0],"7":[1,1],"8":[0,0],"9":[0,0],"10":[0,0],"11":[0,2],"12":[0,2],"13":[1,1],"14":[0,0],"15":[0,0],"16":[0,0],"17":[0,0],"18":[0,0],"19":[0,0],"20":[0,0],"21":[0,0],"22":[0,0],"23":[0,0],"24":[0,0],"25":[0,0],"26":[0,0],"27":[0,0],"28":[0,0],"29":[0,0],"30":[0,0],"31":[0,0],"32":[0,0],"33":[0,0],"34":[0,0]},"_coverageSchema":"1a1c01bbd47fc00a2c39e90264f33305004495a9","hash":"117a2aacb77c5204998d9c874fc083f1ce028183"}
,"D:\\LUCIA_SCHOOL_BUSINESS PROJECTS\\LUCIA_SCHOOL_FILES\\Payment Voucher Management System\\middleware\\authorizeRole.js": {"path":"D:\\LUCIA_SCHOOL_BUSINESS PROJECTS\\LUCIA_SCHOOL_FILES\\Payment Voucher Management System\\middleware\\authorizeRole.js","statementMap":{"0":{"start":{"line":2,"column":29},"end":{"line":11,"column":1}},"1":{"start":{"line":3,"column":2},"end":{"line":10,"column":4}},"2":{"start":{"line":4,"column":4},"end":{"line":8,"column":5}},"3":{"start":{"line":5,"column":6},"end":{"line":7,"column":9}},"4":{"start":{"line":9,"column":4},"end":{"line":9,"column":11}}},"fnMap":{"0":{"name":"(anonymous_0)","decl":{"start":{"line":2,"column":29},"end":{"line":2,"column":30}},"loc":{"start":{"line":2,"column":40},"end":{"line":11,"column":1}},"line":2},"1":{"name":"(anonymous_1)","decl":{"start":{"line":3,"column":9},"end":{"line":3,"column":10}},"loc":{"start":{"line":3,"column":29},"end":{"line":10,"column":3}},"line":3}},"branchMap":{"0":{"loc":{"start":{"line":4,"column":4},"end":{"line":8,"column":5}},"type":"if","locations":[{"start":{"line":4,"column":4},"end":{"line":8,"column":5}},{"start":{},"end":{}}],"line":4},"1":{"loc":{"start":{"line":4,"column":8},"end":{"line":4,"column":51}},"type":"binary-expr","locations":[{"start":{"line":4,"column":8},"end":{"line":4,"column":17}},{"start":{"line":4,"column":21},"end":{"line":4,"column":51}}],"line":4}},"s":{"0":1,"1":9,"2":2,"3":0,"4":2},"f":{"0":9,"1":2},"b":{"0":[0,2],"1":[2,2]},"_coverageSchema":"1a1c01bbd47fc00a2c39e90264f33305004495a9","hash":"feaae80887ac58797136bfd6c3faa289e5cc0385"}
,"D:\\LUCIA_SCHOOL_BUSINESS PROJECTS\\LUCIA_SCHOOL_FILES\\Payment Voucher Management System\\middleware\\dateNormalizer.js": {"path":"D:\\LUCIA_SCHOOL_BUSINESS PROJECTS\\LUCIA_SCHOOL_FILES\\Payment Voucher Management System\\middleware\\dateNormalizer.js","statementMap":{"0":{"start":{"line":2,"column":35},"end":{"line":14,"column":1}},"1":{"start":{"line":3,"column":2},"end":{"line":12,"column":3}},"2":{"start":{"line":4,"column":17},"end":{"line":4,"column":30}},"3":{"start":{"line":7,"column":4},"end":{"line":10,"column":5}},"4":{"start":{"line":8,"column":33},"end":{"line":8,"column":48}},"5":{"start":{"line":9,"column":6},"end":{"line":9,"column":48}},"6":{"start":{"line":13,"column":2},"end":{"line":13,"column":9}}},"fnMap":{"0":{"name":"(anonymous_0)","decl":{"start":{"line":2,"column":35},"end":{"line":2,"column":36}},"loc":{"start":{"line":2,"column":55},"end":{"line":14,"column":1}},"line":2}},"branchMap":{"0":{"loc":{"start":{"line":3,"column":2},"end":{"line":12,"column":3}},"type":"if","locations":[{"start":{"line":3,"column":2},"end":{"line":12,"column":3}},{"start":{},"end":{}}],"line":3},"1":{"loc":{"start":{"line":7,"column":4},"end":{"line":10,"column":5}},"type":"if","locations":[{"start":{"line":7,"column":4},"end":{"line":10,"column":5}},{"start":{},"end":{}}],"line":7}},"s":{"0":1,"1":2,"2":2,"3":2,"4":0,"5":0,"6":2},"f":{"0":2},"b":{"0":[2,0],"1":[0,2]},"_coverageSchema":"1a1c01bbd47fc00a2c39e90264f33305004495a9","hash":"e680134ba768a5999ce4844e040d138bf18d554d"}
,"D:\\LUCIA_SCHOOL_BUSINESS PROJECTS\\LUCIA_SCHOOL_FILES\\Payment Voucher Management System\\middleware\\joi-schemas.js": {"path":"D:\\LUCIA_SCHOOL_BUSINESS PROJECTS\\LUCIA_SCHOOL_FILES\\Payment Voucher Management System\\middleware\\joi-schemas.js","statementMap":{"0":{"start":{"line":3,"column":24},"end":{"line":17,"column":2}},"1":{"start":{"line":19,"column":30},"end":{"line":30,"column":9}},"2":{"start":{"line":32,"column":29},"end":{"line":44,"column":2}},"3":{"start":{"line":46,"column":26},"end":{"line":74,"column":2}},"4":{"start":{"line":75,"column":32},"end":{"line":103,"column":2}},"5":{"start":{"line":105,"column":30},"end":{"line":111,"column":2}},"6":{"start":{"line":114,"column":35},"end":{"line":121,"column":2}}},"fnMap":{},"branchMap":{},"s":{"0":1,"1":1,"2":1,"3":1,"4":1,"5":1,"6":1},"f":{},"b":{},"_coverageSchema":"1a1c01bbd47fc00a2c39e90264f33305004495a9","hash":"4f9d4b0132545b9767cb66d8e9c564d9dbf8fec5"}
,"D:\\LUCIA_SCHOOL_BUSINESS PROJECTS\\LUCIA_SCHOOL_FILES\\Payment Voucher Management System\\middleware\\schemaValidator.js": {"path":"D:\\LUCIA_SCHOOL_BUSINESS PROJECTS\\LUCIA_SCHOOL_FILES\\Payment Voucher Management System\\middleware\\schemaValidator.js","statementMap":{"0":{"start":{"line":1,"column":31},"end":{"line":17,"column":1}},"1":{"start":{"line":1,"column":57},"end":{"line":17,"column":1}},"2":{"start":{"line":2,"column":4},"end":{"line":2,"column":41}},"3":{"start":{"line":4,"column":29},"end":{"line":4,"column":54}},"4":{"start":{"line":5,"column":4},"end":{"line":7,"column":5}},"5":{"start":{"line":6,"column":8},"end":{"line":6,"column":62}},"6":{"start":{"line":11,"column":4},"end":{"line":13,"column":5}},"7":{"start":{"line":12,"column":8},"end":{"line":12,"column":71}},"8":{"start":{"line":15,"column":4},"end":{"line":15,"column":21}},"9":{"start":{"line":16,"column":4},"end":{"line":16,"column":11}}},"fnMap":{"0":{"name":"(anonymous_0)","decl":{"start":{"line":1,"column":31},"end":{"line":1,"column":32}},"loc":{"start":{"line":1,"column":57},"end":{"line":17,"column":1}},"line":1},"1":{"name":"(anonymous_1)","decl":{"start":{"line":1,"column":57},"end":{"line":1,"column":58}},"loc":{"start":{"line":1,"column":77},"end":{"line":17,"column":1}},"line":1}},"branchMap":{"0":{"loc":{"start":{"line":1,"column":40},"end":{"line":1,"column":52}},"type":"default-arg","locations":[{"start":{"line":1,"column":50},"end":{"line":1,"column":52}}],"line":1},"1":{"loc":{"start":{"line":5,"column":4},"end":{"line":7,"column":5}},"type":"if","locations":[{"start":{"line":5,"column":4},"end":{"line":7,"column":5}},{"start":{},"end":{}}],"line":5},"2":{"loc":{"start":{"line":11,"column":4},"end":{"line":13,"column":5}},"type":"if","locations":[{"start":{"line":11,"column":4},"end":{"line":13,"column":5}},{"start":{},"end":{}}],"line":11},"3":{"loc":{"start":{"line":11,"column":8},"end":{"line":11,"column":69}},"type":"binary-expr","locations":[{"start":{"line":11,"column":8},"end":{"line":11,"column":27}},{"start":{"line":11,"column":32},"end":{"line":11,"column":42}},{"start":{"line":11,"column":46},"end":{"line":11,"column":68}}],"line":11}},"s":{"0":1,"1":12,"2":2,"3":2,"4":2,"5":0,"6":2,"7":1,"8":1,"9":1},"f":{"0":12,"1":2},"b":{"0":[11],"1":[0,2],"2":[1,1],"3":[2,2,2]},"_coverageSchema":"1a1c01bbd47fc00a2c39e90264f33305004495a9","hash":"d2c6659d495f561d3bff46361fc9922580b24d67"}
,"D:\\LUCIA_SCHOOL_BUSINESS PROJECTS\\LUCIA_SCHOOL_FILES\\Payment Voucher Management System\\middleware\\softDeleteFilter.js": {"path":"D:\\LUCIA_SCHOOL_BUSINESS PROJECTS\\LUCIA_SCHOOL_FILES\\Payment Voucher Management System\\middleware\\softDeleteFilter.js","statementMap":{"0":{"start":{"line":1,"column":32},"end":{"line":5,"column":1}},"1":{"start":{"line":3,"column":2},"end":{"line":3,"column":39}},"2":{"start":{"line":4,"column":2},"end":{"line":4,"column":9}}},"fnMap":{"0":{"name":"(anonymous_0)","decl":{"start":{"line":1,"column":32},"end":{"line":1,"column":33}},"loc":{"start":{"line":1,"column":52},"end":{"line":5,"column":1}},"line":1}},"branchMap":{},"s":{"0":1,"1":0,"2":0},"f":{"0":0},"b":{},"_coverageSchema":"1a1c01bbd47fc00a2c39e90264f33305004495a9","hash":"1aa5048eca1fbc9d6976f789e8cb1f778f163bc1"}
,"D:\\LUCIA_SCHOOL_BUSINESS PROJECTS\\LUCIA_SCHOOL_FILES\\Payment Voucher Management System\\middleware\\uploadMiddleware.js": {"path":"D:\\LUCIA_SCHOOL_BUSINESS PROJECTS\\LUCIA_SCHOOL_FILES\\Payment Voucher Management System\\middleware\\uploadMiddleware.js","statementMap":{"0":{"start":{"line":7,"column":30},"end":{"line":40,"column":1}},"1":{"start":{"line":8,"column":20},"end":{"line":23,"column":4}},"2":{"start":{"line":11,"column":25},"end":{"line":11,"column":47}},"3":{"start":{"line":12,"column":28},"end":{"line":12,"column":72}},"4":{"start":{"line":13,"column":23},"end":{"line":13,"column":56}},"5":{"start":{"line":15,"column":6},"end":{"line":21,"column":8}},"6":{"start":{"line":25,"column":2},"end":{"line":38,"column":5}},"7":{"start":{"line":29,"column":6},"end":{"line":33,"column":7}},"8":{"start":{"line":30,"column":8},"end":{"line":30,"column":23}},"9":{"start":{"line":32,"column":8},"end":{"line":32,"column":59}}},"fnMap":{"0":{"name":"(anonymous_0)","decl":{"start":{"line":7,"column":30},"end":{"line":7,"column":31}},"loc":{"start":{"line":7,"column":44},"end":{"line":40,"column":1}},"line":7},"1":{"name":"(anonymous_1)","decl":{"start":{"line":10,"column":12},"end":{"line":10,"column":13}},"loc":{"start":{"line":10,"column":27},"end":{"line":22,"column":5}},"line":10},"2":{"name":"(anonymous_2)","decl":{"start":{"line":28,"column":3},"end":{"line":28,"column":4}},"loc":{"start":{"line":28,"column":22},"end":{"line":34,"column":5}},"line":28}},"branchMap":{"0":{"loc":{"start":{"line":29,"column":6},"end":{"line":33,"column":7}},"type":"if","locations":[{"start":{"line":29,"column":6},"end":{"line":33,"column":7}},{"start":{"line":31,"column":13},"end":{"line":33,"column":7}}],"line":29}},"s":{"0":1,"1":1,"2":1,"3":1,"4":1,"5":1,"6":1,"7":1,"8":1,"9":0},"f":{"0":1,"1":1,"2":1},"b":{"0":[1,0]},"_coverageSchema":"1a1c01bbd47fc00a2c39e90264f33305004495a9","hash":"fb888bff2861fd7e2d18c7f01216f697fa821f6f"}
,"D:\\LUCIA_SCHOOL_BUSINESS PROJECTS\\LUCIA_SCHOOL_FILES\\Payment Voucher Management System\\middleware\\validateToken.js": {"path":"D:\\LUCIA_SCHOOL_BUSINESS PROJECTS\\LUCIA_SCHOOL_FILES\\Payment Voucher Management System\\middleware\\validateToken.js","statementMap":{"0":{"start":{"line":4,"column":29},"end":{"line":29,"column":1}},"1":{"start":{"line":6,"column":21},"end":{"line":6,"column":46}},"2":{"start":{"line":8,"column":2},"end":{"line":12,"column":3}},"3":{"start":{"line":9,"column":4},"end":{"line":11,"column":7}},"4":{"start":{"line":15,"column":16},"end":{"line":15,"column":40}},"5":{"start":{"line":18,"column":2},"end":{"line":28,"column":5}},"6":{"start":{"line":19,"column":4},"end":{"line":23,"column":5}},"7":{"start":{"line":20,"column":6},"end":{"line":22,"column":9}},"8":{"start":{"line":26,"column":4},"end":{"line":26,"column":23}},"9":{"start":{"line":27,"column":4},"end":{"line":27,"column":11}}},"fnMap":{"0":{"name":"(anonymous_0)","decl":{"start":{"line":4,"column":29},"end":{"line":4,"column":30}},"loc":{"start":{"line":4,"column":49},"end":{"line":29,"column":1}},"line":4},"1":{"name":"(anonymous_1)","decl":{"start":{"line":18,"column":44},"end":{"line":18,"column":45}},"loc":{"start":{"line":18,"column":62},"end":{"line":28,"column":3}},"line":18}},"branchMap":{"0":{"loc":{"start":{"line":8,"column":2},"end":{"line":12,"column":3}},"type":"if","locations":[{"start":{"line":8,"column":2},"end":{"line":12,"column":3}},{"start":{},"end":{}}],"line":8},"1":{"loc":{"start":{"line":19,"column":4},"end":{"line":23,"column":5}},"type":"if","locations":[{"start":{"line":19,"column":4},"end":{"line":23,"column":5}},{"start":{},"end":{}}],"line":19}},"s":{"0":1,"1":4,"2":4,"3":0,"4":4,"5":4,"6":4,"7":0,"8":4,"9":4},"f":{"0":4,"1":4},"b":{"0":[0,4],"1":[0,4]},"_coverageSchema":"1a1c01bbd47fc00a2c39e90264f33305004495a9","hash":"6cef68af8f0c1dc968212a073501498ade18774f"}
,"D:\\LUCIA_SCHOOL_BUSINESS PROJECTS\\LUCIA_SCHOOL_FILES\\Payment Voucher Management System\\routes\\accountroute.js": {"path":"D:\\LUCIA_SCHOOL_BUSINESS PROJECTS\\LUCIA_SCHOOL_FILES\\Payment Voucher Management System\\routes\\accountroute.js","statementMap":{"0":{"start":{"line":2,"column":20},"end":{"line":2,"column":36}},"1":{"start":{"line":8,"column":0},"end":{"line":12,"column":37}}},"fnMap":{},"branchMap":{},"s":{"0":1,"1":1},"f":{},"b":{},"_coverageSchema":"1a1c01bbd47fc00a2c39e90264f33305004495a9","hash":"c45b01776222eb0a367bb4057e9edf2d6615c695"}
,"D:\\LUCIA_SCHOOL_BUSINESS PROJECTS\\LUCIA_SCHOOL_FILES\\Payment Voucher Management System\\routes\\beneficiaryroute.js": {"path":"D:\\LUCIA_SCHOOL_BUSINESS PROJECTS\\LUCIA_SCHOOL_FILES\\Payment Voucher Management System\\routes\\beneficiaryroute.js","statementMap":{"0":{"start":{"line":2,"column":24},"end":{"line":2,"column":40}},"1":{"start":{"line":8,"column":0},"end":{"line":12,"column":41}}},"fnMap":{},"branchMap":{},"s":{"0":1,"1":1},"f":{},"b":{},"_coverageSchema":"1a1c01bbd47fc00a2c39e90264f33305004495a9","hash":"7ba92378ae2795d8e73d8d4a683b3e76fccecddf"}
,"D:\\LUCIA_SCHOOL_BUSINESS PROJECTS\\LUCIA_SCHOOL_FILES\\Payment Voucher Management System\\routes\\budgetroute.js": {"path":"D:\\LUCIA_SCHOOL_BUSINESS PROJECTS\\LUCIA_SCHOOL_FILES\\Payment Voucher Management System\\routes\\budgetroute.js","statementMap":{"0":{"start":{"line":2,"column":19},"end":{"line":2,"column":35}},"1":{"start":{"line":8,"column":0},"end":{"line":12,"column":36}}},"fnMap":{},"branchMap":{},"s":{"0":1,"1":1},"f":{},"b":{},"_coverageSchema":"1a1c01bbd47fc00a2c39e90264f33305004495a9","hash":"d1c8678d66da8b9a6428e0bf46b9c1bf0801de6c"}
,"D:\\LUCIA_SCHOOL_BUSINESS PROJECTS\\LUCIA_SCHOOL_FILES\\Payment Voucher Management System\\routes\\documentroute.js": {"path":"D:\\LUCIA_SCHOOL_BUSINESS PROJECTS\\LUCIA_SCHOOL_FILES\\Payment Voucher Management System\\routes\\documentroute.js","statementMap":{"0":{"start":{"line":2,"column":21},"end":{"line":2,"column":37}},"1":{"start":{"line":8,"column":0},"end":{"line":10,"column":48}}},"fnMap":{},"branchMap":{},"s":{"0":1,"1":1},"f":{},"b":{},"_coverageSchema":"1a1c01bbd47fc00a2c39e90264f33305004495a9","hash":"c8972c9a79b9ecad461f544ae285d98723e68539"}
,"D:\\LUCIA_SCHOOL_BUSINESS PROJECTS\\LUCIA_SCHOOL_FILES\\Payment Voucher Management System\\routes\\userroute.js": {"path":"D:\\LUCIA_SCHOOL_BUSINESS PROJECTS\\LUCIA_SCHOOL_FILES\\Payment Voucher Management System\\routes\\userroute.js","statementMap":{"0":{"start":{"line":3,"column":17},"end":{"line":3,"column":33}},"1":{"start":{"line":13,"column":0},"end":{"line":22,"column":55}}},"fnMap":{},"branchMap":{},"s":{"0":1,"1":1},"f":{},"b":{},"_coverageSchema":"1a1c01bbd47fc00a2c39e90264f33305004495a9","hash":"4fcae069be8aaf8085b8e7e34bcfe1cc67f1af49"}
,"D:\\LUCIA_SCHOOL_BUSINESS PROJECTS\\LUCIA_SCHOOL_FILES\\Payment Voucher Management System\\routes\\voucherroute.js": {"path":"D:\\LUCIA_SCHOOL_BUSINESS PROJECTS\\LUCIA_SCHOOL_FILES\\Payment Voucher Management System\\routes\\voucherroute.js","statementMap":{"0":{"start":{"line":3,"column":20},"end":{"line":3,"column":36}},"1":{"start":{"line":19,"column":26},"end":{"line":19,"column":63}},"2":{"start":{"line":21,"column":0},"end":{"line":37,"column":83}}},"fnMap":{},"branchMap":{},"s":{"0":1,"1":1,"2":1},"f":{},"b":{},"_coverageSchema":"1a1c01bbd47fc00a2c39e90264f33305004495a9","hash":"5c29e1d1e33583f78fcabf5f9ca4275e6c38016a"}
}
