TN:
SF:index.js
FN:52,(anonymous_0)
FNF:1
FNH:0
FNDA:0,(anonymous_0)
DA:21,1
DA:24,1
DA:25,1
DA:28,1
DA:31,1
DA:34,1
DA:35,1
DA:36,1
DA:41,1
DA:42,1
DA:43,1
DA:44,1
DA:45,1
DA:46,1
DA:52,1
DA:53,0
LF:16
LH:15
BRF:0
BRH:0
end_of_record
TN:
SF:config\cloudinary.js
FNF:0
FNH:0
DA:5,1
LF:1
LH:1
BRF:0
BRH:0
end_of_record
TN:
SF:controllers\accountController.js
FN:7,(anonymous_0)
FN:42,(anonymous_1)
FN:74,(anonymous_2)
FN:109,(anonymous_3)
FNF:4
FNH:0
FNDA:0,(anonymous_0)
FNDA:0,(anonymous_1)
FNDA:0,(anonymous_2)
FNDA:0,(anonymous_3)
DA:2,1
DA:3,1
DA:5,1
DA:7,1
DA:8,0
DA:9,0
DA:18,0
DA:19,0
DA:26,0
DA:33,0
DA:35,0
DA:42,1
DA:43,0
DA:44,0
DA:47,0
DA:48,0
DA:54,0
DA:61,0
DA:66,0
DA:67,0
DA:74,1
DA:75,0
DA:76,0
DA:77,0
DA:79,0
DA:80,0
DA:81,0
DA:84,0
DA:89,0
DA:94,0
DA:97,0
DA:98,0
DA:103,0
DA:109,1
DA:110,0
DA:111,0
DA:114,0
DA:118,0
DA:123,0
DA:126,0
DA:127,0
DA:132,0
LF:42
LH:7
BRDA:18,0,0,0
BRDA:18,0,1,0
BRDA:47,1,0,0
BRDA:47,1,1,0
BRDA:66,2,0,0
BRDA:66,2,1,0
BRDA:80,3,0,0
BRDA:80,3,1,0
BRDA:81,4,0,0
BRDA:81,4,1,0
BRDA:97,5,0,0
BRDA:97,5,1,0
BRDA:126,6,0,0
BRDA:126,6,1,0
BRF:14
BRH:0
end_of_record
TN:
SF:controllers\beneficiaryController.js
FN:7,(anonymous_0)
FN:42,(anonymous_1)
FN:74,(anonymous_2)
FN:109,(anonymous_3)
FNF:4
FNH:0
FNDA:0,(anonymous_0)
FNDA:0,(anonymous_1)
FNDA:0,(anonymous_2)
FNDA:0,(anonymous_3)
DA:2,1
DA:3,1
DA:5,1
DA:7,1
DA:8,0
DA:9,0
DA:18,0
DA:19,0
DA:26,0
DA:33,0
DA:35,0
DA:42,1
DA:43,0
DA:44,0
DA:47,0
DA:48,0
DA:54,0
DA:61,0
DA:66,0
DA:67,0
DA:74,1
DA:75,0
DA:76,0
DA:77,0
DA:79,0
DA:80,0
DA:81,0
DA:84,0
DA:89,0
DA:94,0
DA:97,0
DA:98,0
DA:103,0
DA:109,1
DA:110,0
DA:111,0
DA:114,0
DA:118,0
DA:123,0
DA:126,0
DA:127,0
DA:132,0
LF:42
LH:7
BRDA:18,0,0,0
BRDA:18,0,1,0
BRDA:47,1,0,0
BRDA:47,1,1,0
BRDA:66,2,0,0
BRDA:66,2,1,0
BRDA:80,3,0,0
BRDA:80,3,1,0
BRDA:81,4,0,0
BRDA:81,4,1,0
BRDA:97,5,0,0
BRDA:97,5,1,0
BRDA:126,6,0,0
BRDA:126,6,1,0
BRF:14
BRH:0
end_of_record
TN:
SF:controllers\budgetController.js
FN:7,(anonymous_0)
FN:42,(anonymous_1)
FN:74,(anonymous_2)
FN:109,(anonymous_3)
FNF:4
FNH:0
FNDA:0,(anonymous_0)
FNDA:0,(anonymous_1)
FNDA:0,(anonymous_2)
FNDA:0,(anonymous_3)
DA:2,1
DA:3,1
DA:5,1
DA:7,1
DA:8,0
DA:9,0
DA:18,0
DA:19,0
DA:26,0
DA:33,0
DA:35,0
DA:42,1
DA:43,0
DA:44,0
DA:47,0
DA:48,0
DA:54,0
DA:61,0
DA:66,0
DA:67,0
DA:74,1
DA:75,0
DA:76,0
DA:77,0
DA:79,0
DA:80,0
DA:81,0
DA:84,0
DA:89,0
DA:94,0
DA:97,0
DA:98,0
DA:103,0
DA:109,1
DA:110,0
DA:111,0
DA:114,0
DA:118,0
DA:123,0
DA:126,0
DA:127,0
DA:132,0
LF:42
LH:7
BRDA:18,0,0,0
BRDA:18,0,1,0
BRDA:47,1,0,0
BRDA:47,1,1,0
BRDA:66,2,0,0
BRDA:66,2,1,0
BRDA:80,3,0,0
BRDA:80,3,1,0
BRDA:81,4,0,0
BRDA:81,4,1,0
BRDA:97,5,0,0
BRDA:97,5,1,0
BRDA:126,6,0,0
BRDA:126,6,1,0
BRF:14
BRH:0
end_of_record
TN:
SF:controllers\documentController.js
FN:7,(anonymous_0)
FN:62,(anonymous_1)
FNF:2
FNH:0
FNDA:0,(anonymous_0)
FNDA:0,(anonymous_1)
DA:2,1
DA:3,1
DA:7,1
DA:8,0
DA:9,0
DA:10,0
DA:11,0
DA:13,0
DA:34,0
DA:36,0
DA:50,0
DA:52,0
DA:62,1
DA:63,0
DA:64,0
DA:65,0
DA:68,0
DA:69,0
DA:75,0
DA:79,0
DA:80,0
DA:86,0
DA:87,0
DA:93,0
DA:94,0
DA:100,0
DA:102,0
DA:103,0
DA:104,0
DA:108,0
DA:114,0
DA:118,0
DA:124,0
DA:136,0
DA:141,0
DA:144,0
DA:145,0
DA:150,0
LF:38
LH:4
BRDA:9,0,0,0
BRDA:9,0,1,0
BRDA:68,1,0,0
BRDA:68,1,1,0
BRDA:68,2,0,0
BRDA:68,2,1,0
BRDA:79,3,0,0
BRDA:79,3,1,0
BRDA:86,4,0,0
BRDA:86,4,1,0
BRDA:86,5,0,0
BRDA:86,5,1,0
BRDA:93,6,0,0
BRDA:93,6,1,0
BRDA:93,7,0,0
BRDA:93,7,1,0
BRDA:100,8,0,0
BRDA:100,8,1,0
BRDA:102,9,0,0
BRDA:102,9,1,0
BRDA:144,10,0,0
BRDA:144,10,1,0
BRF:22
BRH:0
end_of_record
TN:
SF:controllers\userController.js
FN:10,(anonymous_0)
FN:33,(anonymous_1)
FN:75,(anonymous_2)
FN:131,(anonymous_3)
FN:190,(anonymous_4)
FN:230,(anonymous_5)
FN:299,(anonymous_6)
FN:350,(anonymous_7)
FN:379,(anonymous_8)
FNF:9
FNH:1
FNDA:0,(anonymous_0)
FNDA:0,(anonymous_1)
FNDA:0,(anonymous_2)
FNDA:1,(anonymous_3)
FNDA:0,(anonymous_4)
FNDA:0,(anonymous_5)
FNDA:0,(anonymous_6)
FNDA:0,(anonymous_7)
FNDA:0,(anonymous_8)
DA:2,1
DA:3,1
DA:10,1
DA:11,0
DA:12,0
DA:13,0
DA:14,0
DA:16,0
DA:25,0
DA:27,0
DA:28,0
DA:33,1
DA:34,0
DA:35,0
DA:37,0
DA:38,0
DA:39,0
DA:43,0
DA:44,0
DA:46,0
DA:57,0
DA:69,0
DA:70,0
DA:75,1
DA:76,0
DA:77,0
DA:80,0
DA:81,0
DA:87,0
DA:88,0
DA:89,0
DA:92,0
DA:94,0
DA:111,0
DA:117,0
DA:118,0
DA:131,1
DA:132,1
DA:133,1
DA:135,1
DA:136,1
DA:137,0
DA:140,1
DA:141,1
DA:142,0
DA:146,1
DA:147,0
DA:157,0
DA:164,1
DA:174,1
DA:175,1
DA:180,1
DA:185,0
DA:186,0
DA:190,1
DA:191,0
DA:192,0
DA:193,0
DA:195,0
DA:199,0
DA:200,0
DA:201,0
DA:204,0
DA:206,0
DA:214,0
DA:218,0
DA:219,0
DA:230,1
DA:231,0
DA:232,0
DA:234,0
DA:235,0
DA:238,0
DA:244,0
DA:245,0
DA:249,0
DA:256,0
DA:258,0
DA:261,0
DA:273,0
DA:287,0
DA:288,0
DA:290,0
DA:294,0
DA:295,0
DA:299,1
DA:300,0
DA:301,0
DA:303,0
DA:304,0
DA:305,0
DA:308,0
DA:309,0
DA:311,0
DA:314,0
DA:315,0
DA:317,0
DA:319,0
DA:327,0
DA:329,0
DA:330,0
DA:350,1
DA:351,0
DA:352,0
DA:353,0
DA:356,0
DA:362,0
DA:363,0
DA:365,0
DA:367,0
DA:368,0
DA:370,0
DA:371,0
DA:374,0
DA:379,1
DA:380,0
DA:381,0
DA:382,0
DA:385,0
DA:386,0
DA:390,0
DA:391,0
DA:394,0
DA:398,0
DA:399,0
DA:403,0
DA:404,0
DA:407,0
DA:408,0
DA:409,0
DA:413,0
DA:419,0
DA:424,0
LF:133
LH:22
BRDA:12,0,0,0
BRDA:12,0,1,0
BRDA:38,1,0,0
BRDA:38,1,1,0
BRDA:80,2,0,0
BRDA:80,2,1,0
BRDA:88,3,0,0
BRDA:88,3,1,0
BRDA:136,4,0,0
BRDA:136,4,1,1
BRDA:141,5,0,0
BRDA:141,5,1,1
BRDA:146,6,0,0
BRDA:146,6,1,1
BRDA:200,7,0,0
BRDA:200,7,1,0
BRDA:234,8,0,0
BRDA:234,8,1,0
BRDA:244,9,0,0
BRDA:244,9,1,0
BRDA:303,10,0,0
BRDA:303,10,1,0
BRDA:304,11,0,0
BRDA:304,11,1,0
BRDA:304,12,0,0
BRDA:304,12,1,0
BRDA:315,13,0,0
BRDA:315,13,1,0
BRDA:352,14,0,0
BRDA:352,14,1,0
BRDA:362,15,0,0
BRDA:362,15,1,0
BRDA:370,16,0,0
BRDA:370,16,1,0
BRDA:385,17,0,0
BRDA:385,17,1,0
BRDA:390,18,0,0
BRDA:390,18,1,0
BRDA:390,19,0,0
BRDA:390,19,1,0
BRDA:398,20,0,0
BRDA:398,20,1,0
BRDA:403,21,0,0
BRDA:403,21,1,0
BRDA:403,22,0,0
BRDA:403,22,1,0
BRDA:407,23,0,0
BRDA:407,23,1,0
BRF:48
BRH:3
end_of_record
TN:
SF:controllers\voucherController.js
FN:10,(anonymous_0)
FN:53,(anonymous_1)
FN:109,(anonymous_2)
FN:145,(anonymous_3)
FN:200,(anonymous_4)
FN:258,(anonymous_5)
FN:274,(anonymous_6)
FN:288,(anonymous_7)
FN:338,(anonymous_8)
FN:378,(anonymous_9)
FN:425,(anonymous_10)
FN:472,(anonymous_11)
FN:525,(anonymous_12)
FN:580,(anonymous_13)
FN:641,(anonymous_14)
FNF:15
FNH:4
FNDA:0,(anonymous_0)
FNDA:0,(anonymous_1)
FNDA:0,(anonymous_2)
FNDA:0,(anonymous_3)
FNDA:1,(anonymous_4)
FNDA:1,(anonymous_5)
FNDA:1,(anonymous_6)
FNDA:0,(anonymous_7)
FNDA:2,(anonymous_8)
FNDA:0,(anonymous_9)
FNDA:0,(anonymous_10)
FNDA:0,(anonymous_11)
FNDA:0,(anonymous_12)
FNDA:0,(anonymous_13)
FNDA:0,(anonymous_14)
DA:2,1
DA:3,1
DA:10,1
DA:11,0
DA:12,0
DA:13,0
DA:14,0
DA:17,0
DA:31,0
DA:43,0
DA:45,0
DA:53,1
DA:54,0
DA:55,0
DA:56,0
DA:57,0
DA:58,0
DA:61,0
DA:82,0
DA:83,0
DA:88,0
DA:100,0
DA:102,0
DA:109,1
DA:110,0
DA:112,0
DA:120,0
DA:121,0
DA:125,0
DA:135,0
DA:136,0
DA:145,1
DA:146,0
DA:147,0
DA:148,0
DA:149,0
DA:150,0
DA:153,0
DA:154,0
DA:160,0
DA:167,0
DA:179,0
DA:192,0
DA:194,0
DA:200,1
DA:201,1
DA:212,1
DA:214,1
DA:215,1
DA:221,1
DA:257,1
DA:258,1
DA:265,1
DA:271,1
DA:274,1
DA:281,0
DA:282,0
DA:288,1
DA:289,0
DA:290,0
DA:292,0
DA:293,0
DA:295,0
DA:296,0
DA:301,0
DA:302,0
DA:306,0
DA:307,0
DA:311,0
DA:312,0
DA:313,0
DA:314,0
DA:315,0
DA:316,0
DA:317,0
DA:318,0
DA:319,0
DA:320,0
DA:322,0
DA:327,0
DA:333,0
DA:334,0
DA:338,1
DA:339,2
DA:340,2
DA:342,2
DA:343,2
DA:345,2
DA:346,0
DA:350,2
DA:351,0
DA:357,2
DA:358,1
DA:363,1
DA:368,1
DA:373,0
DA:374,0
DA:378,1
DA:379,0
DA:380,0
DA:382,0
DA:383,0
DA:387,0
DA:388,0
DA:392,0
DA:393,0
DA:400,0
DA:401,0
DA:406,0
DA:415,0
DA:420,0
DA:421,0
DA:425,1
DA:426,0
DA:427,0
DA:428,0
DA:430,0
DA:431,0
DA:433,0
DA:434,0
DA:438,0
DA:439,0
DA:446,0
DA:447,0
DA:452,0
DA:462,0
DA:467,0
DA:468,0
DA:472,1
DA:473,0
DA:474,0
DA:476,0
DA:477,0
DA:479,0
DA:480,0
DA:484,0
DA:485,0
DA:492,0
DA:493,0
DA:499,0
DA:500,0
DA:505,0
DA:514,0
DA:519,0
DA:520,0
DA:525,1
DA:526,0
DA:527,0
DA:528,0
DA:530,0
DA:531,0
DA:533,0
DA:534,0
DA:538,0
DA:539,0
DA:546,0
DA:547,0
DA:553,0
DA:554,0
DA:559,0
DA:569,0
DA:574,0
DA:575,0
DA:580,1
DA:581,0
DA:582,0
DA:585,0
DA:586,0
DA:589,0
DA:593,0
DA:594,0
DA:598,0
DA:599,0
DA:605,0
DA:606,0
DA:612,0
DA:624,0
DA:626,0
DA:631,0
DA:632,0
DA:641,1
DA:642,0
DA:643,0
DA:644,0
DA:645,0
DA:649,0
DA:653,0
DA:654,0
DA:658,0
DA:659,0
DA:665,0
DA:677,0
DA:679,0
DA:684,0
DA:685,0
LF:195
LH:35
BRDA:12,0,0,0
BRDA:12,0,1,0
BRDA:56,1,0,0
BRDA:56,1,1,0
BRDA:82,2,0,0
BRDA:82,2,1,0
BRDA:120,3,0,0
BRDA:120,3,1,0
BRDA:148,4,0,0
BRDA:148,4,1,0
BRDA:153,5,0,0
BRDA:153,5,1,0
BRDA:257,6,0,1
BRDA:257,6,1,0
BRDA:257,7,0,1
BRDA:257,7,1,1
BRDA:295,8,0,0
BRDA:295,8,1,0
BRDA:301,9,0,0
BRDA:301,9,1,0
BRDA:306,10,0,0
BRDA:306,10,1,0
BRDA:345,11,0,0
BRDA:345,11,1,2
BRDA:350,12,0,0
BRDA:350,12,1,2
BRDA:357,13,0,1
BRDA:357,13,1,1
BRDA:387,14,0,0
BRDA:387,14,1,0
BRDA:392,15,0,0
BRDA:392,15,1,0
BRDA:400,16,0,0
BRDA:400,16,1,0
BRDA:433,17,0,0
BRDA:433,17,1,0
BRDA:438,18,0,0
BRDA:438,18,1,0
BRDA:446,19,0,0
BRDA:446,19,1,0
BRDA:479,20,0,0
BRDA:479,20,1,0
BRDA:484,21,0,0
BRDA:484,21,1,0
BRDA:492,22,0,0
BRDA:492,22,1,0
BRDA:499,23,0,0
BRDA:499,23,1,0
BRDA:533,24,0,0
BRDA:533,24,1,0
BRDA:538,25,0,0
BRDA:538,25,1,0
BRDA:546,26,0,0
BRDA:546,26,1,0
BRDA:553,27,0,0
BRDA:553,27,1,0
BRDA:585,28,0,0
BRDA:585,28,1,0
BRDA:593,29,0,0
BRDA:593,29,1,0
BRDA:598,30,0,0
BRDA:598,30,1,0
BRDA:605,31,0,0
BRDA:605,31,1,0
BRDA:644,32,0,0
BRDA:644,32,1,0
BRDA:653,33,0,0
BRDA:653,33,1,0
BRDA:658,34,0,0
BRDA:658,34,1,0
BRF:70
BRH:7
end_of_record
TN:
SF:middleware\authorizeRole.js
FN:2,(anonymous_0)
FN:3,(anonymous_1)
FNF:2
FNH:2
FNDA:9,(anonymous_0)
FNDA:2,(anonymous_1)
DA:2,1
DA:3,9
DA:4,2
DA:5,0
DA:9,2
LF:5
LH:4
BRDA:4,0,0,0
BRDA:4,0,1,2
BRDA:4,1,0,2
BRDA:4,1,1,2
BRF:4
BRH:3
end_of_record
TN:
SF:middleware\dateNormalizer.js
FN:2,(anonymous_0)
FNF:1
FNH:1
FNDA:2,(anonymous_0)
DA:2,1
DA:3,2
DA:4,2
DA:7,2
DA:8,0
DA:9,0
DA:13,2
LF:7
LH:5
BRDA:3,0,0,2
BRDA:3,0,1,0
BRDA:7,1,0,0
BRDA:7,1,1,2
BRF:4
BRH:2
end_of_record
TN:
SF:middleware\joi-schemas.js
FNF:0
FNH:0
DA:3,1
DA:19,1
DA:32,1
DA:46,1
DA:75,1
DA:105,1
DA:114,1
LF:7
LH:7
BRF:0
BRH:0
end_of_record
TN:
SF:middleware\schemaValidator.js
FN:1,(anonymous_0)
FN:1,(anonymous_1)
FNF:2
FNH:2
FNDA:12,(anonymous_0)
FNDA:2,(anonymous_1)
DA:1,12
DA:2,2
DA:4,2
DA:5,2
DA:6,0
DA:11,2
DA:12,1
DA:15,1
DA:16,1
LF:9
LH:8
BRDA:1,0,0,11
BRDA:5,1,0,0
BRDA:5,1,1,2
BRDA:11,2,0,1
BRDA:11,2,1,1
BRDA:11,3,0,2
BRDA:11,3,1,2
BRDA:11,3,2,2
BRF:8
BRH:7
end_of_record
TN:
SF:middleware\softDeleteFilter.js
FN:1,(anonymous_0)
FNF:1
FNH:0
FNDA:0,(anonymous_0)
DA:1,1
DA:3,0
DA:4,0
LF:3
LH:1
BRF:0
BRH:0
end_of_record
TN:
SF:middleware\uploadMiddleware.js
FN:7,(anonymous_0)
FN:10,(anonymous_1)
FN:28,(anonymous_2)
FNF:3
FNH:3
FNDA:1,(anonymous_0)
FNDA:1,(anonymous_1)
FNDA:1,(anonymous_2)
DA:7,1
DA:8,1
DA:11,1
DA:12,1
DA:13,1
DA:15,1
DA:25,1
DA:29,1
DA:30,1
DA:32,0
LF:10
LH:9
BRDA:29,0,0,1
BRDA:29,0,1,0
BRF:2
BRH:1
end_of_record
TN:
SF:middleware\validateToken.js
FN:4,(anonymous_0)
FN:18,(anonymous_1)
FNF:2
FNH:2
FNDA:4,(anonymous_0)
FNDA:4,(anonymous_1)
DA:4,1
DA:6,4
DA:8,4
DA:9,0
DA:15,4
DA:18,4
DA:19,4
DA:20,0
DA:26,4
DA:27,4
LF:10
LH:8
BRDA:8,0,0,0
BRDA:8,0,1,4
BRDA:19,1,0,0
BRDA:19,1,1,4
BRF:4
BRH:2
end_of_record
TN:
SF:routes\accountroute.js
FNF:0
FNH:0
DA:2,1
DA:8,1
LF:2
LH:2
BRF:0
BRH:0
end_of_record
TN:
SF:routes\beneficiaryroute.js
FNF:0
FNH:0
DA:2,1
DA:8,1
LF:2
LH:2
BRF:0
BRH:0
end_of_record
TN:
SF:routes\budgetroute.js
FNF:0
FNH:0
DA:2,1
DA:8,1
LF:2
LH:2
BRF:0
BRH:0
end_of_record
TN:
SF:routes\documentroute.js
FNF:0
FNH:0
DA:2,1
DA:8,1
LF:2
LH:2
BRF:0
BRH:0
end_of_record
TN:
SF:routes\userroute.js
FNF:0
FNH:0
DA:3,1
DA:13,1
LF:2
LH:2
BRF:0
BRH:0
end_of_record
TN:
SF:routes\voucherroute.js
FNF:0
FNH:0
DA:3,1
DA:19,1
DA:21,1
LF:3
LH:3
BRF:0
BRH:0
end_of_record
